{"/home/travis/build/npmtest/node-npmtest-angular-permission/test.js":{"path":"/home/travis/build/npmtest/node-npmtest-angular-permission/test.js","s":{"1":2,"2":2,"3":2,"4":2,"5":2,"6":2,"7":2,"8":1,"9":2,"10":2,"11":1,"12":1,"13":1,"14":1,"15":2,"16":2,"17":2,"18":2,"19":1,"20":1,"21":2,"22":2,"23":2,"24":1,"25":1,"26":1,"27":1,"28":1,"29":1,"30":1,"31":1,"32":1,"33":1,"34":1,"35":1,"36":1,"37":1,"38":1,"39":2,"40":2,"41":1,"42":2,"43":2,"44":1,"45":2,"46":2,"47":1,"48":2,"49":2,"50":1,"51":1,"52":1,"53":1,"54":1},"b":{"1":[2,1,1,1],"2":[1,1,1,1],"3":[1,1],"4":[1,1],"5":[1,1],"6":[1,1],"7":[1,1],"8":[1,1],"9":[1,1],"10":[1,1,1],"11":[1,1],"12":[1,1],"13":[1,1],"14":[1,1],"15":[1,1],"16":[1,1],"17":[1,1]},"f":{"1":2,"2":2,"3":2,"4":2,"5":2,"6":1,"7":1,"8":1,"9":2,"10":2,"11":2,"12":2,"13":1},"fnMap":{"1":{"name":"(anonymous_1)","line":12,"loc":{"start":{"line":12,"column":1},"end":{"line":12,"column":13}}},"2":{"name":"(anonymous_2)","line":19,"loc":{"start":{"line":19,"column":5},"end":{"line":19,"column":17}}},"3":{"name":"(anonymous_3)","line":23,"loc":{"start":{"line":23,"column":24},"end":{"line":23,"column":36}}},"4":{"name":"(anonymous_4)","line":61,"loc":{"start":{"line":61,"column":5},"end":{"line":61,"column":17}}},"5":{"name":"(anonymous_5)","line":82,"loc":{"start":{"line":82,"column":5},"end":{"line":82,"column":17}}},"6":{"name":"(anonymous_6)","line":91,"loc":{"start":{"line":91,"column":77},"end":{"line":94,"column":10}}},"7":{"name":"(anonymous_7)","line":112,"loc":{"start":{"line":112,"column":83},"end":{"line":115,"column":10}},"skip":true},"8":{"name":"(anonymous_8)","line":123,"loc":{"start":{"line":123,"column":77},"end":{"line":126,"column":10}},"skip":true},"9":{"name":"(anonymous_9)","line":139,"loc":{"start":{"line":139,"column":12},"end":{"line":139,"column":40}},"skip":true},"10":{"name":"(anonymous_10)","line":147,"loc":{"start":{"line":147,"column":77},"end":{"line":150,"column":10}},"skip":true},"11":{"name":"(anonymous_11)","line":158,"loc":{"start":{"line":158,"column":83},"end":{"line":161,"column":10}},"skip":true},"12":{"name":"(anonymous_12)","line":169,"loc":{"start":{"line":169,"column":79},"end":{"line":172,"column":10}},"skip":true},"13":{"name":"(anonymous_13)","line":180,"loc":{"start":{"line":180,"column":75},"end":{"line":183,"column":10}},"skip":true}},"statementMap":{"1":{"start":{"line":12,"column":0},"end":{"line":195,"column":5}},"2":{"start":{"line":14,"column":4},"end":{"line":14,"column":14}},"3":{"start":{"line":19,"column":4},"end":{"line":56,"column":9}},"4":{"start":{"line":21,"column":8},"end":{"line":21,"column":19}},"5":{"start":{"line":23,"column":8},"end":{"line":35,"column":13}},"6":{"start":{"line":24,"column":12},"end":{"line":34,"column":13}},"7":{"start":{"line":25,"column":16},"end":{"line":28,"column":30}},"8":{"start":{"line":30,"column":16},"end":{"line":33,"column":27}},"9":{"start":{"line":37,"column":8},"end":{"line":39,"column":21}},"10":{"start":{"line":40,"column":8},"end":{"line":53,"column":9}},"11":{"start":{"line":43,"column":12},"end":{"line":46,"column":14}},"12":{"start":{"line":47,"column":12},"end":{"line":47,"column":18}},"13":{"start":{"line":50,"column":12},"end":{"line":51,"column":46}},"14":{"start":{"line":52,"column":12},"end":{"line":52,"column":18}},"15":{"start":{"line":55,"column":8},"end":{"line":55,"column":35}},"16":{"start":{"line":61,"column":4},"end":{"line":63,"column":9}},"17":{"start":{"line":62,"column":8},"end":{"line":62,"column":15}},"18":{"start":{"line":64,"column":4},"end":{"line":77,"column":5}},"19":{"start":{"line":70,"column":8},"end":{"line":70,"column":14}},"20":{"start":{"line":76,"column":8},"end":{"line":76,"column":14}},"21":{"start":{"line":82,"column":4},"end":{"line":84,"column":9}},"22":{"start":{"line":83,"column":8},"end":{"line":83,"column":15}},"23":{"start":{"line":85,"column":4},"end":{"line":194,"column":5}},"24":{"start":{"line":91,"column":8},"end":{"line":99,"column":10}},"25":{"start":{"line":98,"column":12},"end":{"line":98,"column":35}},"26":{"start":{"line":102,"column":8},"end":{"line":104,"column":63}},"27":{"start":{"line":105,"column":8},"end":{"line":105,"column":14}},"28":{"start":{"line":112,"column":8},"end":{"line":121,"column":10},"skip":true},"29":{"start":{"line":119,"column":12},"end":{"line":119,"column":55},"skip":true},"30":{"start":{"line":120,"column":12},"end":{"line":120,"column":48},"skip":true},"31":{"start":{"line":123,"column":8},"end":{"line":136,"column":10},"skip":true},"32":{"start":{"line":130,"column":12},"end":{"line":130,"column":76},"skip":true},"33":{"start":{"line":131,"column":12},"end":{"line":131,"column":73},"skip":true},"34":{"start":{"line":132,"column":12},"end":{"line":132,"column":74},"skip":true},"35":{"start":{"line":133,"column":12},"end":{"line":133,"column":79},"skip":true},"36":{"start":{"line":134,"column":12},"end":{"line":134,"column":25},"skip":true},"37":{"start":{"line":135,"column":12},"end":{"line":135,"column":45},"skip":true},"38":{"start":{"line":138,"column":8},"end":{"line":145,"column":14},"skip":true},"39":{"start":{"line":143,"column":16},"end":{"line":143,"column":29},"skip":true},"40":{"start":{"line":144,"column":16},"end":{"line":144,"column":55},"skip":true},"41":{"start":{"line":147,"column":8},"end":{"line":156,"column":10},"skip":true},"42":{"start":{"line":154,"column":12},"end":{"line":154,"column":25},"skip":true},"43":{"start":{"line":155,"column":12},"end":{"line":155,"column":45},"skip":true},"44":{"start":{"line":158,"column":8},"end":{"line":167,"column":10},"skip":true},"45":{"start":{"line":165,"column":12},"end":{"line":165,"column":25},"skip":true},"46":{"start":{"line":166,"column":12},"end":{"line":166,"column":48},"skip":true},"47":{"start":{"line":169,"column":8},"end":{"line":178,"column":10},"skip":true},"48":{"start":{"line":176,"column":12},"end":{"line":176,"column":25},"skip":true},"49":{"start":{"line":177,"column":12},"end":{"line":177,"column":46},"skip":true},"50":{"start":{"line":180,"column":8},"end":{"line":189,"column":10},"skip":true},"51":{"start":{"line":187,"column":12},"end":{"line":187,"column":94},"skip":true},"52":{"start":{"line":188,"column":12},"end":{"line":188,"column":48},"skip":true},"53":{"start":{"line":192,"column":8},"end":{"line":192,"column":35},"skip":true},"54":{"start":{"line":193,"column":8},"end":{"line":193,"column":14},"skip":true}},"branchMap":{"1":{"line":25,"type":"binary-expr","locations":[{"start":{"line":25,"column":23},"end":{"line":25,"column":62}},{"start":{"line":26,"column":20},"end":{"line":26,"column":70}},{"start":{"line":27,"column":20},"end":{"line":27,"column":71}},{"start":{"line":28,"column":20},"end":{"line":28,"column":29}}]},"2":{"line":30,"type":"binary-expr","locations":[{"start":{"line":30,"column":23},"end":{"line":30,"column":37}},{"start":{"line":31,"column":20},"end":{"line":31,"column":61}},{"start":{"line":32,"column":20},"end":{"line":32,"column":70}},{"start":{"line":33,"column":20},"end":{"line":33,"column":26}}]},"3":{"line":37,"type":"cond-expr","locations":[{"start":{"line":38,"column":14},"end":{"line":38,"column":20}},{"start":{"line":39,"column":14},"end":{"line":39,"column":20}}]},"4":{"line":40,"type":"switch","locations":[{"start":{"line":42,"column":8},"end":{"line":47,"column":18}},{"start":{"line":49,"column":8},"end":{"line":52,"column":18}}]},"5":{"line":44,"type":"binary-expr","locations":[{"start":{"line":44,"column":16},"end":{"line":44,"column":44}},{"start":{"line":44,"column":48},"end":{"line":44,"column":66}}]},"6":{"line":50,"type":"binary-expr","locations":[{"start":{"line":50,"column":21},"end":{"line":50,"column":49}},{"start":{"line":50,"column":53},"end":{"line":50,"column":72}}]},"7":{"line":64,"type":"switch","locations":[{"start":{"line":69,"column":4},"end":{"line":70,"column":14}},{"start":{"line":75,"column":4},"end":{"line":76,"column":14}}]},"8":{"line":85,"type":"switch","locations":[{"start":{"line":90,"column":4},"end":{"line":105,"column":14}},{"start":{"line":111,"column":4},"end":{"line":193,"column":14},"skip":true}]},"9":{"line":91,"type":"binary-expr","locations":[{"start":{"line":91,"column":42},"end":{"line":91,"column":73}},{"start":{"line":91,"column":77},"end":{"line":99,"column":9}}]},"10":{"line":102,"type":"binary-expr","locations":[{"start":{"line":102,"column":18},"end":{"line":102,"column":32}},{"start":{"line":103,"column":12},"end":{"line":103,"column":53}},{"start":{"line":104,"column":12},"end":{"line":104,"column":61}}]},"11":{"line":112,"type":"binary-expr","locations":[{"start":{"line":112,"column":45},"end":{"line":112,"column":79},"skip":true},{"start":{"line":112,"column":83},"end":{"line":121,"column":9},"skip":true}]},"12":{"line":123,"type":"binary-expr","locations":[{"start":{"line":123,"column":42},"end":{"line":123,"column":73},"skip":true},{"start":{"line":123,"column":77},"end":{"line":136,"column":9},"skip":true}]},"13":{"line":138,"type":"binary-expr","locations":[{"start":{"line":138,"column":48},"end":{"line":138,"column":85},"skip":true},{"start":{"line":139,"column":12},"end":{"line":145,"column":13},"skip":true}]},"14":{"line":147,"type":"binary-expr","locations":[{"start":{"line":147,"column":42},"end":{"line":147,"column":73},"skip":true},{"start":{"line":147,"column":77},"end":{"line":156,"column":9},"skip":true}]},"15":{"line":158,"type":"binary-expr","locations":[{"start":{"line":158,"column":45},"end":{"line":158,"column":79},"skip":true},{"start":{"line":158,"column":83},"end":{"line":167,"column":9},"skip":true}]},"16":{"line":169,"type":"binary-expr","locations":[{"start":{"line":169,"column":43},"end":{"line":169,"column":75},"skip":true},{"start":{"line":169,"column":79},"end":{"line":178,"column":9},"skip":true}]},"17":{"line":180,"type":"binary-expr","locations":[{"start":{"line":180,"column":41},"end":{"line":180,"column":71},"skip":true},{"start":{"line":180,"column":75},"end":{"line":189,"column":9},"skip":true}]}},"code":["/* istanbul instrument in package npmtest_angular_permission */","/*jslint","    bitwise: true,","    browser: true,","    maxerr: 8,","    maxlen: 96,","    node: true,","    nomen: true,","    regexp: true,","    stupid: true","*/","(function () {","    'use strict';","    var local;","","","","    // run shared js-env code - pre-init","    (function () {","        // init local","        local = {};","        // init modeJs","        local.modeJs = (function () {","            try {","                return typeof navigator.userAgent === 'string' &&","                    typeof document.querySelector('body') === 'object' &&","                    typeof XMLHttpRequest.prototype.open === 'function' &&","                    'browser';","            } catch (errorCaughtBrowser) {","                return module.exports &&","                    typeof process.versions.node === 'string' &&","                    typeof require('http').createServer === 'function' &&","                    'node';","            }","        }());","        // init global","        local.global = local.modeJs === 'browser'","            ? window","            : global;","        switch (local.modeJs) {","        // re-init local from window.local","        case 'browser':","            local = local.global.utility2.objectSetDefault(","                local.global.utility2_rollup || local.global.local,","                local.global.utility2","            );","            break;","        // re-init local from example.js","        case 'node':","            local = (local.global.utility2_rollup || require('utility2'))","                .requireExampleJsFromReadme();","            break;","        }","        // export local","        local.global.local = local;","    }());","","","","    // run shared js-env code - function","    (function () {","        return;","    }());","    switch (local.modeJs) {","","","","    // run browser js-env code - function","    case 'browser':","        break;","","","","    // run node js-env code - function","    case 'node':","        break;","    }","","","","    // run shared js-env code - post-init","    (function () {","        return;","    }());","    switch (local.modeJs) {","","","","    // run browser js-env code - post-init","    case 'browser':","        local.testCase_browser_nullCase = local.testCase_browser_nullCase || function (","            options,","            onError","        ) {","        /*","         * this function will test browsers's null-case handling-behavior-behavior","         */","            onError(null, options);","        };","","        // run tests","        local.nop(local.modeTest &&","            document.querySelector('#testRunButton1') &&","            document.querySelector('#testRunButton1').click());","        break;","","","","    // run node js-env code - post-init","    /* istanbul ignore next */","    case 'node':","        local.testCase_buildApidoc_default = local.testCase_buildApidoc_default || function (","            options,","            onError","        ) {","        /*","         * this function will test buildApidoc's default handling-behavior-behavior","         */","            options = { modulePathList: module.paths };","            local.buildApidoc(options, onError);","        };","","        local.testCase_buildApp_default = local.testCase_buildApp_default || function (","            options,","            onError","        ) {","        /*","         * this function will test buildApp's default handling-behavior-behavior","         */","            local.testCase_buildReadme_default(options, local.onErrorThrow);","            local.testCase_buildLib_default(options, local.onErrorThrow);","            local.testCase_buildTest_default(options, local.onErrorThrow);","            local.testCase_buildCustomOrg_default(options, local.onErrorThrow);","            options = [];","            local.buildApp(options, onError);","        };","","        local.testCase_buildCustomOrg_default = local.testCase_buildCustomOrg_default ||","            function (options, onError) {","            /*","             * this function will test buildCustomOrg's default handling-behavior","             */","                options = {};","                local.buildCustomOrg(options, onError);","            };","","        local.testCase_buildLib_default = local.testCase_buildLib_default || function (","            options,","            onError","        ) {","        /*","         * this function will test buildLib's default handling-behavior","         */","            options = {};","            local.buildLib(options, onError);","        };","","        local.testCase_buildReadme_default = local.testCase_buildReadme_default || function (","            options,","            onError","        ) {","        /*","         * this function will test buildReadme's default handling-behavior-behavior","         */","            options = {};","            local.buildReadme(options, onError);","        };","","        local.testCase_buildTest_default = local.testCase_buildTest_default || function (","            options,","            onError","        ) {","        /*","         * this function will test buildTest's default handling-behavior","         */","            options = {};","            local.buildTest(options, onError);","        };","","        local.testCase_webpage_default = local.testCase_webpage_default || function (","            options,","            onError","        ) {","        /*","         * this function will test webpage's default handling-behavior","         */","            options = { modeCoverageMerge: true, url: local.serverLocalHost + '?modeTest=1' };","            local.browserTest(options, onError);","        };","","        // run test-server","        local.testRunServer(local);","        break;","    }","}());",""],"l":{"12":2,"14":2,"19":2,"21":2,"23":2,"24":2,"25":2,"30":1,"37":2,"40":2,"43":1,"47":1,"50":1,"52":1,"55":2,"61":2,"62":2,"64":2,"70":1,"76":1,"82":2,"83":2,"85":2,"91":1,"98":1,"102":1,"105":1,"112":1,"119":1,"120":1,"123":1,"130":1,"131":1,"132":1,"133":1,"134":1,"135":1,"138":1,"143":2,"144":2,"147":1,"154":2,"155":2,"158":1,"165":2,"166":2,"169":1,"176":2,"177":2,"180":1,"187":1,"188":1,"192":1,"193":1}},"/home/travis/build/npmtest/node-npmtest-angular-permission/lib.npmtest_angular_permission.js":{"path":"/home/travis/build/npmtest/node-npmtest-angular-permission/lib.npmtest_angular_permission.js","s":{"1":2,"2":2,"3":2,"4":2,"5":2,"6":2,"7":2,"8":1,"9":2,"10":2,"11":2,"12":2,"13":1,"14":1,"15":1,"16":1},"b":{"1":[2,1,1,1],"2":[1,1,1,1],"3":[1,1],"4":[2,2],"5":[1,1]},"f":{"1":2,"2":2,"3":2},"fnMap":{"1":{"name":"(anonymous_1)","line":12,"loc":{"start":{"line":12,"column":1},"end":{"line":12,"column":13}}},"2":{"name":"(anonymous_2)","line":19,"loc":{"start":{"line":19,"column":5},"end":{"line":19,"column":17}}},"3":{"name":"(anonymous_3)","line":23,"loc":{"start":{"line":23,"column":24},"end":{"line":23,"column":36}}}},"statementMap":{"1":{"start":{"line":12,"column":0},"end":{"line":53,"column":5}},"2":{"start":{"line":14,"column":4},"end":{"line":14,"column":14}},"3":{"start":{"line":19,"column":4},"end":{"line":52,"column":9}},"4":{"start":{"line":21,"column":8},"end":{"line":21,"column":19}},"5":{"start":{"line":23,"column":8},"end":{"line":35,"column":13}},"6":{"start":{"line":24,"column":12},"end":{"line":34,"column":13}},"7":{"start":{"line":25,"column":16},"end":{"line":28,"column":30}},"8":{"start":{"line":30,"column":16},"end":{"line":33,"column":27}},"9":{"start":{"line":37,"column":8},"end":{"line":39,"column":21}},"10":{"start":{"line":41,"column":8},"end":{"line":41,"column":54}},"11":{"start":{"line":43,"column":8},"end":{"line":43,"column":63}},"12":{"start":{"line":45,"column":8},"end":{"line":51,"column":9}},"13":{"start":{"line":46,"column":12},"end":{"line":46,"column":69}},"14":{"start":{"line":48,"column":12},"end":{"line":48,"column":35}},"15":{"start":{"line":49,"column":12},"end":{"line":49,"column":49}},"16":{"start":{"line":50,"column":12},"end":{"line":50,"column":43}}},"branchMap":{"1":{"line":25,"type":"binary-expr","locations":[{"start":{"line":25,"column":23},"end":{"line":25,"column":62}},{"start":{"line":26,"column":20},"end":{"line":26,"column":70}},{"start":{"line":27,"column":20},"end":{"line":27,"column":71}},{"start":{"line":28,"column":20},"end":{"line":28,"column":29}}]},"2":{"line":30,"type":"binary-expr","locations":[{"start":{"line":30,"column":23},"end":{"line":30,"column":37}},{"start":{"line":31,"column":20},"end":{"line":31,"column":61}},{"start":{"line":32,"column":20},"end":{"line":32,"column":70}},{"start":{"line":33,"column":20},"end":{"line":33,"column":26}}]},"3":{"line":37,"type":"cond-expr","locations":[{"start":{"line":38,"column":14},"end":{"line":38,"column":20}},{"start":{"line":39,"column":14},"end":{"line":39,"column":20}}]},"4":{"line":41,"type":"binary-expr","locations":[{"start":{"line":41,"column":16},"end":{"line":41,"column":44}},{"start":{"line":41,"column":48},"end":{"line":41,"column":53}}]},"5":{"line":45,"type":"if","locations":[{"start":{"line":45,"column":8},"end":{"line":45,"column":8}},{"start":{"line":45,"column":8},"end":{"line":45,"column":8}}]}},"code":["/* istanbul instrument in package npmtest_angular_permission */","/*jslint","    bitwise: true,","    browser: true,","    maxerr: 8,","    maxlen: 96,","    node: true,","    nomen: true,","    regexp: true,","    stupid: true","*/","(function () {","    'use strict';","    var local;","","","","    // run shared js-env code - pre-init","    (function () {","        // init local","        local = {};","        // init modeJs","        local.modeJs = (function () {","            try {","                return typeof navigator.userAgent === 'string' &&","                    typeof document.querySelector('body') === 'object' &&","                    typeof XMLHttpRequest.prototype.open === 'function' &&","                    'browser';","            } catch (errorCaughtBrowser) {","                return module.exports &&","                    typeof process.versions.node === 'string' &&","                    typeof require('http').createServer === 'function' &&","                    'node';","            }","        }());","        // init global","        local.global = local.modeJs === 'browser'","            ? window","            : global;","        // init utility2_rollup","        local = local.global.utility2_rollup || local;","        // init lib","        local.local = local.npmtest_angular_permission = local;","        // init exports","        if (local.modeJs === 'browser') {","            local.global.utility2_npmtest_angular_permission = local;","        } else {","            module.exports = local;","            module.exports.__dirname = __dirname;","            module.exports.module = module;","        }","    }());","}());",""],"l":{"12":2,"14":2,"19":2,"21":2,"23":2,"24":2,"25":2,"30":1,"37":2,"41":2,"43":2,"45":2,"46":1,"48":1,"49":1,"50":1}},"/home/travis/build/npmtest/node-npmtest-angular-permission/example.js":{"path":"/home/travis/build/npmtest/node-npmtest-angular-permission/example.js","s":{"1":2,"2":2,"3":2,"4":2,"5":2,"6":2,"7":2,"8":1,"9":2,"10":2,"11":2,"12":2,"13":1,"14":2,"15":2,"16":2,"17":2,"18":2,"19":0,"20":2,"21":1,"22":1,"23":1,"24":1,"25":1,"26":0,"27":0,"28":1,"29":1,"30":2,"31":0,"32":0,"33":0,"34":1,"35":2,"36":2,"37":3,"38":3,"39":3,"40":3,"41":0,"42":3,"43":3,"44":3,"45":1,"46":3,"47":1,"48":1,"49":1,"50":1,"51":1,"52":1,"53":1,"54":1,"55":1,"56":1,"57":0,"58":1,"59":6,"60":6,"61":1,"62":2,"63":0,"64":2,"65":1,"66":1,"67":0,"68":0,"69":0,"70":0,"71":0,"72":0,"73":0,"74":0,"75":0,"76":0,"77":0,"78":0,"79":0,"80":0,"81":0,"82":0,"83":0},"b":{"1":[2,1,1,1],"2":[1,1,1,1],"3":[1,1],"4":[2,2],"5":[1,1],"6":[1,1],"7":[2,0],"8":[2,1,1,1,1,1],"9":[0,2,0],"10":[1,1],"11":[2,1,1],"12":[1,0],"13":[0,2],"14":[2,0,0,0,0,0,0],"15":[0,3],"16":[3,0],"17":[1,1],"18":[0,1],"19":[1,2,0,2],"20":[1,0],"21":[1,1],"22":[0,0],"23":[0,0],"24":[0,0],"25":[0,0],"26":[0,0],"27":[0,0],"28":[0,0]},"f":{"1":2,"2":2,"3":2,"4":2,"5":2,"6":2,"7":3,"8":3,"9":3,"10":1,"11":6,"12":0},"fnMap":{"1":{"name":"(anonymous_1)","line":26,"loc":{"start":{"line":26,"column":1},"end":{"line":26,"column":13}}},"2":{"name":"(anonymous_2)","line":33,"loc":{"start":{"line":33,"column":5},"end":{"line":33,"column":17}}},"3":{"name":"(anonymous_3)","line":37,"loc":{"start":{"line":37,"column":24},"end":{"line":37,"column":36}}},"4":{"name":"(anonymous_4)","line":69,"loc":{"start":{"line":69,"column":31},"end":{"line":69,"column":48}},"skip":true},"5":{"name":"(anonymous_5)","line":78,"loc":{"start":{"line":78,"column":26},"end":{"line":78,"column":45}},"skip":true},"6":{"name":"(anonymous_6)","line":123,"loc":{"start":{"line":123,"column":33},"end":{"line":123,"column":48}},"skip":true},"7":{"name":"(anonymous_7)","line":125,"loc":{"start":{"line":125,"column":27},"end":{"line":125,"column":39}},"skip":true},"8":{"name":"(anonymous_8)","line":133,"loc":{"start":{"line":133,"column":59},"end":{"line":133,"column":74}},"skip":true},"9":{"name":"(anonymous_9)","line":143,"loc":{"start":{"line":143,"column":45},"end":{"line":143,"column":62}},"skip":true},"10":{"name":"(anonymous_10)","line":144,"loc":{"start":{"line":144,"column":73},"end":{"line":144,"column":92}},"skip":true},"11":{"name":"(anonymous_11)","line":272,"loc":{"start":{"line":272,"column":51},"end":{"line":272,"column":77}},"skip":true},"12":{"name":"(anonymous_12)","line":315,"loc":{"start":{"line":315,"column":32},"end":{"line":315,"column":61}},"skip":true}},"statementMap":{"1":{"start":{"line":26,"column":0},"end":{"line":326,"column":5}},"2":{"start":{"line":28,"column":4},"end":{"line":28,"column":14}},"3":{"start":{"line":33,"column":4},"end":{"line":60,"column":9}},"4":{"start":{"line":35,"column":8},"end":{"line":35,"column":19}},"5":{"start":{"line":37,"column":8},"end":{"line":49,"column":13}},"6":{"start":{"line":38,"column":12},"end":{"line":48,"column":13}},"7":{"start":{"line":39,"column":16},"end":{"line":42,"column":30}},"8":{"start":{"line":44,"column":16},"end":{"line":47,"column":27}},"9":{"start":{"line":51,"column":8},"end":{"line":53,"column":21}},"10":{"start":{"line":55,"column":8},"end":{"line":57,"column":45}},"11":{"start":{"line":59,"column":8},"end":{"line":59,"column":35}},"12":{"start":{"line":61,"column":4},"end":{"line":325,"column":5}},"13":{"start":{"line":69,"column":8},"end":{"line":121,"column":10},"skip":true},"14":{"start":{"line":70,"column":12},"end":{"line":88,"column":13},"skip":true},"15":{"start":{"line":76,"column":16},"end":{"line":87,"column":19},"skip":true},"16":{"start":{"line":79,"column":20},"end":{"line":86,"column":21},"skip":true},"17":{"start":{"line":82,"column":24},"end":{"line":82,"column":43},"skip":true},"18":{"start":{"line":83,"column":24},"end":{"line":83,"column":30},"skip":true},"19":{"start":{"line":85,"column":24},"end":{"line":85,"column":49},"skip":true},"20":{"start":{"line":89,"column":12},"end":{"line":107,"column":13},"skip":true},"21":{"start":{"line":92,"column":16},"end":{"line":102,"column":17},"skip":true},"22":{"start":{"line":93,"column":20},"end":{"line":93,"column":86},"skip":true},"23":{"start":{"line":94,"column":20},"end":{"line":95,"column":45},"skip":true},"24":{"start":{"line":96,"column":20},"end":{"line":96,"column":42},"skip":true},"25":{"start":{"line":97,"column":20},"end":{"line":97,"column":48},"skip":true},"26":{"start":{"line":100,"column":20},"end":{"line":100,"column":85},"skip":true},"27":{"start":{"line":101,"column":20},"end":{"line":101,"column":96},"skip":true},"28":{"start":{"line":103,"column":16},"end":{"line":103,"column":22},"skip":true},"29":{"start":{"line":106,"column":16},"end":{"line":106,"column":22},"skip":true},"30":{"start":{"line":108,"column":12},"end":{"line":120,"column":13},"skip":true},"31":{"start":{"line":114,"column":16},"end":{"line":119,"column":17},"skip":true},"32":{"start":{"line":116,"column":20},"end":{"line":116,"column":78},"skip":true},"33":{"start":{"line":118,"column":20},"end":{"line":118,"column":47},"skip":true},"34":{"start":{"line":123,"column":8},"end":{"line":141,"column":11},"skip":true},"35":{"start":{"line":124,"column":12},"end":{"line":124,"column":54},"skip":true},"36":{"start":{"line":125,"column":12},"end":{"line":140,"column":14},"skip":true},"37":{"start":{"line":126,"column":16},"end":{"line":126,"column":28},"skip":true},"38":{"start":{"line":127,"column":16},"end":{"line":127,"column":69},"skip":true},"39":{"start":{"line":128,"column":16},"end":{"line":128,"column":75},"skip":true},"40":{"start":{"line":129,"column":16},"end":{"line":131,"column":17},"skip":true},"41":{"start":{"line":130,"column":20},"end":{"line":130,"column":27},"skip":true},"42":{"start":{"line":133,"column":16},"end":{"line":137,"column":36},"skip":true},"43":{"start":{"line":134,"column":20},"end":{"line":136,"column":55},"skip":true},"44":{"start":{"line":139,"column":16},"end":{"line":139,"column":57},"skip":true},"45":{"start":{"line":143,"column":8},"end":{"line":147,"column":11},"skip":true},"46":{"start":{"line":144,"column":12},"end":{"line":146,"column":15},"skip":true},"47":{"start":{"line":145,"column":16},"end":{"line":145,"column":70},"skip":true},"48":{"start":{"line":149,"column":8},"end":{"line":149,"column":31},"skip":true},"49":{"start":{"line":150,"column":8},"end":{"line":150,"column":14},"skip":true},"50":{"start":{"line":158,"column":8},"end":{"line":158,"column":31},"skip":true},"51":{"start":{"line":160,"column":8},"end":{"line":160,"column":33},"skip":true},"52":{"start":{"line":161,"column":8},"end":{"line":161,"column":37},"skip":true},"53":{"start":{"line":162,"column":8},"end":{"line":162,"column":35},"skip":true},"54":{"start":{"line":164,"column":8},"end":{"line":164,"column":50},"skip":true},"55":{"start":{"line":166,"column":8},"end":{"line":256,"column":2},"skip":true},"56":{"start":{"line":258,"column":8},"end":{"line":286,"column":9},"skip":true},"57":{"start":{"line":259,"column":12},"end":{"line":269,"column":14},"skip":true},"58":{"start":{"line":271,"column":12},"end":{"line":285,"column":19},"skip":true},"59":{"start":{"line":274,"column":20},"end":{"line":274,"column":35},"skip":true},"60":{"start":{"line":275,"column":20},"end":{"line":284,"column":21},"skip":true},"61":{"start":{"line":277,"column":24},"end":{"line":277,"column":64},"skip":true},"62":{"start":{"line":279,"column":24},"end":{"line":279,"column":40},"skip":true},"63":{"start":{"line":281,"column":24},"end":{"line":281,"column":40},"skip":true},"64":{"start":{"line":283,"column":24},"end":{"line":283,"column":39},"skip":true},"65":{"start":{"line":288,"column":8},"end":{"line":290,"column":9},"skip":true},"66":{"start":{"line":289,"column":12},"end":{"line":289,"column":18},"skip":true},"67":{"start":{"line":291,"column":8},"end":{"line":293,"column":54},"skip":true},"68":{"start":{"line":296,"column":8},"end":{"line":301,"column":37},"skip":true},"69":{"start":{"line":303,"column":8},"end":{"line":303,"column":82},"skip":true},"70":{"start":{"line":306,"column":8},"end":{"line":308,"column":9},"skip":true},"71":{"start":{"line":307,"column":12},"end":{"line":307,"column":82},"skip":true},"72":{"start":{"line":310,"column":8},"end":{"line":312,"column":9},"skip":true},"73":{"start":{"line":311,"column":12},"end":{"line":311,"column":18},"skip":true},"74":{"start":{"line":313,"column":8},"end":{"line":313,"column":54},"skip":true},"75":{"start":{"line":314,"column":8},"end":{"line":314,"column":69},"skip":true},"76":{"start":{"line":315,"column":8},"end":{"line":323,"column":36},"skip":true},"77":{"start":{"line":316,"column":12},"end":{"line":316,"column":61},"skip":true},"78":{"start":{"line":317,"column":12},"end":{"line":320,"column":13},"skip":true},"79":{"start":{"line":318,"column":16},"end":{"line":318,"column":75},"skip":true},"80":{"start":{"line":319,"column":16},"end":{"line":319,"column":23},"skip":true},"81":{"start":{"line":321,"column":12},"end":{"line":321,"column":38},"skip":true},"82":{"start":{"line":322,"column":12},"end":{"line":322,"column":27},"skip":true},"83":{"start":{"line":324,"column":8},"end":{"line":324,"column":14},"skip":true}},"branchMap":{"1":{"line":39,"type":"binary-expr","locations":[{"start":{"line":39,"column":23},"end":{"line":39,"column":62}},{"start":{"line":40,"column":20},"end":{"line":40,"column":70}},{"start":{"line":41,"column":20},"end":{"line":41,"column":71}},{"start":{"line":42,"column":20},"end":{"line":42,"column":29}}]},"2":{"line":44,"type":"binary-expr","locations":[{"start":{"line":44,"column":23},"end":{"line":44,"column":37}},{"start":{"line":45,"column":20},"end":{"line":45,"column":61}},{"start":{"line":46,"column":20},"end":{"line":46,"column":70}},{"start":{"line":47,"column":20},"end":{"line":47,"column":26}}]},"3":{"line":51,"type":"cond-expr","locations":[{"start":{"line":52,"column":14},"end":{"line":52,"column":20}},{"start":{"line":53,"column":14},"end":{"line":53,"column":20}}]},"4":{"line":55,"type":"binary-expr","locations":[{"start":{"line":55,"column":16},"end":{"line":55,"column":44}},{"start":{"line":55,"column":49},"end":{"line":57,"column":43}}]},"5":{"line":55,"type":"cond-expr","locations":[{"start":{"line":56,"column":14},"end":{"line":56,"column":62}},{"start":{"line":57,"column":14},"end":{"line":57,"column":43}}]},"6":{"line":61,"type":"switch","locations":[{"start":{"line":68,"column":4},"end":{"line":150,"column":14},"skip":true},{"start":{"line":156,"column":4},"end":{"line":324,"column":14},"skip":true}]},"7":{"line":70,"type":"if","locations":[{"start":{"line":70,"column":12},"end":{"line":70,"column":12},"skip":true},{"start":{"line":70,"column":12},"end":{"line":70,"column":12},"skip":true}]},"8":{"line":70,"type":"binary-expr","locations":[{"start":{"line":70,"column":16},"end":{"line":70,"column":22},"skip":true},{"start":{"line":70,"column":27},"end":{"line":70,"column":32},"skip":true},{"start":{"line":71,"column":20},"end":{"line":71,"column":39},"skip":true},{"start":{"line":72,"column":20},"end":{"line":72,"column":49},"skip":true},{"start":{"line":73,"column":20},"end":{"line":73,"column":58},"skip":true},{"start":{"line":74,"column":20},"end":{"line":74,"column":69},"skip":true}]},"9":{"line":79,"type":"switch","locations":[{"start":{"line":80,"column":20},"end":{"line":80,"column":33},"skip":true},{"start":{"line":81,"column":20},"end":{"line":83,"column":30},"skip":true},{"start":{"line":84,"column":20},"end":{"line":85,"column":49},"skip":true}]},"10":{"line":89,"type":"switch","locations":[{"start":{"line":90,"column":12},"end":{"line":103,"column":22},"skip":true},{"start":{"line":105,"column":12},"end":{"line":106,"column":22},"skip":true}]},"11":{"line":89,"type":"binary-expr","locations":[{"start":{"line":89,"column":20},"end":{"line":89,"column":25},"skip":true},{"start":{"line":89,"column":29},"end":{"line":89,"column":48},"skip":true},{"start":{"line":89,"column":52},"end":{"line":89,"column":74},"skip":true}]},"12":{"line":92,"type":"if","locations":[{"start":{"line":92,"column":16},"end":{"line":92,"column":16},"skip":true},{"start":{"line":92,"column":16},"end":{"line":92,"column":16},"skip":true}]},"13":{"line":108,"type":"if","locations":[{"start":{"line":108,"column":12},"end":{"line":108,"column":12},"skip":true},{"start":{"line":108,"column":12},"end":{"line":108,"column":12},"skip":true}]},"14":{"line":108,"type":"binary-expr","locations":[{"start":{"line":108,"column":16},"end":{"line":108,"column":61},"skip":true},{"start":{"line":108,"column":66},"end":{"line":108,"column":72},"skip":true},{"start":{"line":108,"column":77},"end":{"line":108,"column":82},"skip":true},{"start":{"line":109,"column":20},"end":{"line":109,"column":39},"skip":true},{"start":{"line":110,"column":20},"end":{"line":110,"column":49},"skip":true},{"start":{"line":111,"column":20},"end":{"line":111,"column":58},"skip":true},{"start":{"line":112,"column":20},"end":{"line":112,"column":68},"skip":true}]},"15":{"line":129,"type":"if","locations":[{"start":{"line":129,"column":16},"end":{"line":129,"column":16},"skip":true},{"start":{"line":129,"column":16},"end":{"line":129,"column":16},"skip":true}]},"16":{"line":134,"type":"cond-expr","locations":[{"start":{"line":135,"column":26},"end":{"line":135,"column":29},"skip":true},{"start":{"line":136,"column":26},"end":{"line":136,"column":54},"skip":true}]},"17":{"line":164,"type":"binary-expr","locations":[{"start":{"line":164,"column":27},"end":{"line":164,"column":43},"skip":true},{"start":{"line":164,"column":47},"end":{"line":164,"column":49},"skip":true}]},"18":{"line":258,"type":"if","locations":[{"start":{"line":258,"column":8},"end":{"line":258,"column":8},"skip":true},{"start":{"line":258,"column":8},"end":{"line":258,"column":8},"skip":true}]},"19":{"line":275,"type":"switch","locations":[{"start":{"line":276,"column":20},"end":{"line":277,"column":64},"skip":true},{"start":{"line":278,"column":20},"end":{"line":279,"column":40},"skip":true},{"start":{"line":280,"column":20},"end":{"line":281,"column":40},"skip":true},{"start":{"line":282,"column":20},"end":{"line":283,"column":39},"skip":true}]},"20":{"line":288,"type":"if","locations":[{"start":{"line":288,"column":8},"end":{"line":288,"column":8},"skip":true},{"start":{"line":288,"column":8},"end":{"line":288,"column":8},"skip":true}]},"21":{"line":288,"type":"binary-expr","locations":[{"start":{"line":288,"column":12},"end":{"line":288,"column":40},"skip":true},{"start":{"line":288,"column":44},"end":{"line":288,"column":67},"skip":true}]},"22":{"line":292,"type":"binary-expr","locations":[{"start":{"line":292,"column":12},"end":{"line":292,"column":50},"skip":true},{"start":{"line":293,"column":12},"end":{"line":293,"column":53},"skip":true}]},"23":{"line":297,"type":"binary-expr","locations":[{"start":{"line":297,"column":12},"end":{"line":297,"column":76},"skip":true},{"start":{"line":298,"column":12},"end":{"line":301,"column":36},"skip":true}]},"24":{"line":303,"type":"binary-expr","locations":[{"start":{"line":303,"column":43},"end":{"line":303,"column":75},"skip":true},{"start":{"line":303,"column":79},"end":{"line":303,"column":81},"skip":true}]},"25":{"line":306,"type":"if","locations":[{"start":{"line":306,"column":8},"end":{"line":306,"column":8},"skip":true},{"start":{"line":306,"column":8},"end":{"line":306,"column":8},"skip":true}]},"26":{"line":310,"type":"if","locations":[{"start":{"line":310,"column":8},"end":{"line":310,"column":8},"skip":true},{"start":{"line":310,"column":8},"end":{"line":310,"column":8},"skip":true}]},"27":{"line":313,"type":"binary-expr","locations":[{"start":{"line":313,"column":27},"end":{"line":313,"column":43},"skip":true},{"start":{"line":313,"column":47},"end":{"line":313,"column":53},"skip":true}]},"28":{"line":317,"type":"if","locations":[{"start":{"line":317,"column":12},"end":{"line":317,"column":12},"skip":true},{"start":{"line":317,"column":12},"end":{"line":317,"column":12},"skip":true}]}},"code":["/*","example.js","","quickstart example","","instruction","    1. save this script as example.js","    2. run the shell command:","        $ npm install npmtest-angular-permission && PORT=8081 node example.js","    3. play with the browser-demo on http://127.0.0.1:8081","*/","","","","/* istanbul instrument in package npmtest_angular_permission */","/*jslint","    bitwise: true,","    browser: true,","    maxerr: 8,","    maxlen: 96,","    node: true,","    nomen: true,","    regexp: true,","    stupid: true","*/","(function () {","    'use strict';","    var local;","","","","    // run shared js-env code - pre-init","    (function () {","        // init local","        local = {};","        // init modeJs","        local.modeJs = (function () {","            try {","                return typeof navigator.userAgent === 'string' &&","                    typeof document.querySelector('body') === 'object' &&","                    typeof XMLHttpRequest.prototype.open === 'function' &&","                    'browser';","            } catch (errorCaughtBrowser) {","                return module.exports &&","                    typeof process.versions.node === 'string' &&","                    typeof require('http').createServer === 'function' &&","                    'node';","            }","        }());","        // init global","        local.global = local.modeJs === 'browser'","            ? window","            : global;","        // init utility2_rollup","        local = local.global.utility2_rollup || (local.modeJs === 'browser'","            ? local.global.utility2_npmtest_angular_permission","            : global.utility2_moduleExports);","        // export local","        local.global.local = local;","    }());","    switch (local.modeJs) {","","","","    // post-init","    // run browser js-env code - post-init","    /* istanbul ignore next */","    case 'browser':","        local.testRunBrowser = function (event) {","            if (!event || (event &&","                    event.currentTarget &&","                    event.currentTarget.className &&","                    event.currentTarget.className.includes &&","                    event.currentTarget.className.includes('onreset'))) {","                // reset output","                Array.from(","                    document.querySelectorAll('body > .resettable')","                ).forEach(function (element) {","                    switch (element.tagName) {","                    case 'INPUT':","                    case 'TEXTAREA':","                        element.value = '';","                        break;","                    default:","                        element.textContent = '';","                    }","                });","            }","            switch (event && event.currentTarget && event.currentTarget.id) {","            case 'testRunButton1':","                // show tests","                if (document.querySelector('#testReportDiv1').style.display === 'none') {","                    document.querySelector('#testReportDiv1').style.display = 'block';","                    document.querySelector('#testRunButton1').textContent =","                        'hide internal test';","                    local.modeTest = true;","                    local.testRunDefault(local);","                // hide tests","                } else {","                    document.querySelector('#testReportDiv1').style.display = 'none';","                    document.querySelector('#testRunButton1').textContent = 'run internal test';","                }","                break;","            // custom-case","            default:","                break;","            }","            if (document.querySelector('#inputTextareaEval1') && (!event || (event &&","                    event.currentTarget &&","                    event.currentTarget.className &&","                    event.currentTarget.className.includes &&","                    event.currentTarget.className.includes('oneval')))) {","                // try to eval input-code","                try {","                    /*jslint evil: true*/","                    eval(document.querySelector('#inputTextareaEval1').value);","                } catch (errorCaught) {","                    console.error(errorCaught);","                }","            }","        };","        // log stderr and stdout to #outputTextareaStdout1","        ['error', 'log'].forEach(function (key) {","            console[key + '_original'] = console[key];","            console[key] = function () {","                var element;","                console[key + '_original'].apply(console, arguments);","                element = document.querySelector('#outputTextareaStdout1');","                if (!element) {","                    return;","                }","                // append text to #outputTextareaStdout1","                element.value += Array.from(arguments).map(function (arg) {","                    return typeof arg === 'string'","                        ? arg","                        : JSON.stringify(arg, null, 4);","                }).join(' ') + '\\n';","                // scroll textarea to bottom","                element.scrollTop = element.scrollHeight;","            };","        });","        // init event-handling","        ['change', 'click', 'keyup'].forEach(function (event) {","            Array.from(document.querySelectorAll('.on' + event)).forEach(function (element) {","                element.addEventListener(event, local.testRunBrowser);","            });","        });","        // run tests","        local.testRunBrowser();","        break;","","","","    // run node js-env code - post-init","    /* istanbul ignore next */","    case 'node':","        // export local","        module.exports = local;","        // require modules","        local.fs = require('fs');","        local.http = require('http');","        local.url = require('url');","        // init assets","        local.assetsDict = local.assetsDict || {};","        /* jslint-ignore-begin */","        local.assetsDict['/assets.index.template.html'] = '\\","<!doctype html>\\n\\","<html lang=\"en\">\\n\\","<head>\\n\\","<meta charset=\"UTF-8\">\\n\\","<meta name=\"viewport\" content=\"width=device-width, initial-scale=1\">\\n\\","<title>{{env.npm_package_name}} (v{{env.npm_package_version}})</title>\\n\\","<style>\\n\\","/*csslint\\n\\","    box-sizing: false,\\n\\","    universal-selector: false\\n\\","*/\\n\\","* {\\n\\","    box-sizing: border-box;\\n\\","}\\n\\","body {\\n\\","    background: #dde;\\n\\","    font-family: Arial, Helvetica, sans-serif;\\n\\","    margin: 2rem;\\n\\","}\\n\\","body > * {\\n\\","    margin-bottom: 1rem;\\n\\","}\\n\\",".utility2FooterDiv {\\n\\","    margin-top: 20px;\\n\\","    text-align: center;\\n\\","}\\n\\","</style>\\n\\","<style>\\n\\","/*csslint\\n\\","*/\\n\\","textarea {\\n\\","    font-family: monospace;\\n\\","    height: 10rem;\\n\\","    width: 100%;\\n\\","}\\n\\","textarea[readonly] {\\n\\","    background: #ddd;\\n\\","}\\n\\","</style>\\n\\","</head>\\n\\","<body>\\n\\","<!-- utility2-comment\\n\\","<div id=\"ajaxProgressDiv1\" style=\"background: #d00; height: 2px; left: 0; margin: 0; padding: 0; position: fixed; top: 0; transition: background 0.5s, width 1.5s; width: 25%;\"></div>\\n\\","utility2-comment -->\\n\\","<h1>\\n\\","<!-- utility2-comment\\n\\","    <a\\n\\","        {{#if env.npm_package_homepage}}\\n\\","        href=\"{{env.npm_package_homepage}}\"\\n\\","        {{/if env.npm_package_homepage}}\\n\\","        target=\"_blank\"\\n\\","    >\\n\\","utility2-comment -->\\n\\","        {{env.npm_package_name}} (v{{env.npm_package_version}})\\n\\","<!-- utility2-comment\\n\\","    </a>\\n\\","utility2-comment -->\\n\\","</h1>\\n\\","<h3>{{env.npm_package_description}}</h3>\\n\\","<!-- utility2-comment\\n\\","<h4><a download href=\"assets.app.js\">download standalone app</a></h4>\\n\\","<button class=\"onclick onreset\" id=\"testRunButton1\">run internal test</button><br>\\n\\","<div id=\"testReportDiv1\" style=\"display: none;\"></div>\\n\\","utility2-comment -->\\n\\","\\n\\","\\n\\","\\n\\","<label>stderr and stdout</label>\\n\\","<textarea class=\"resettable\" id=\"outputTextareaStdout1\" readonly></textarea>\\n\\","<!-- utility2-comment\\n\\","{{#if isRollup}}\\n\\","<script src=\"assets.app.js\"></script>\\n\\","{{#unless isRollup}}\\n\\","utility2-comment -->\\n\\","<script src=\"assets.utility2.rollup.js\"></script>\\n\\","<script src=\"jsonp.utility2._stateInit?callback=window.utility2._stateInit\"></script>\\n\\","<script src=\"assets.npmtest_angular_permission.rollup.js\"></script>\\n\\","<script src=\"assets.example.js\"></script>\\n\\","<script src=\"assets.test.js\"></script>\\n\\","<!-- utility2-comment\\n\\","{{/if isRollup}}\\n\\","utility2-comment -->\\n\\","<div class=\"utility2FooterDiv\">\\n\\","    [ this app was created with\\n\\","    <a href=\"https://github.com/kaizhu256/node-utility2\" target=\"_blank\">utility2</a>\\n\\","    ]\\n\\","</div>\\n\\","</body>\\n\\","</html>\\n\\","';","        /* jslint-ignore-end */","        if (local.templateRender) {","            local.assetsDict['/'] = local.templateRender(","                local.assetsDict['/assets.index.template.html'],","                {","                    env: local.objectSetDefault(local.env, {","                        npm_package_description: 'the greatest app in the world!',","                        npm_package_name: 'my-app',","                        npm_package_nameAlias: 'my_app',","                        npm_package_version: '0.0.1'","                    })","                }","            );","        } else {","            local.assetsDict['/'] = local.assetsDict['/assets.index.template.html']","                .replace((/\\{\\{env\\.(\\w+?)\\}\\}/g), function (match0, match1) {","                    // jslint-hack","                    String(match0);","                    switch (match1) {","                    case 'npm_package_description':","                        return 'the greatest app in the world!';","                    case 'npm_package_name':","                        return 'my-app';","                    case 'npm_package_nameAlias':","                        return 'my_app';","                    case 'npm_package_version':","                        return '0.0.1';","                    }","                });","        }","        // run the cli","        if (local.global.utility2_rollup || module !== require.main) {","            break;","        }","        local.assetsDict['/assets.example.js'] =","            local.assetsDict['/assets.example.js'] ||","            local.fs.readFileSync(__filename, 'utf8');","        // bug-workaround - long $npm_package_buildCustomOrg","        /* jslint-ignore-begin */","        local.assetsDict['/assets.npmtest_angular_permission.rollup.js'] =","            local.assetsDict['/assets.npmtest_angular_permission.rollup.js'] ||","            local.fs.readFileSync(","                local.npmtest_angular_permission.__dirname + '/lib.npmtest_angular_permission.js',","                'utf8'","            ).replace((/^#!/), '//');","        /* jslint-ignore-end */","        local.assetsDict['/favicon.ico'] = local.assetsDict['/favicon.ico'] || '';","        // if $npm_config_timeout_exit exists,","        // then exit this process after $npm_config_timeout_exit ms","        if (Number(process.env.npm_config_timeout_exit)) {","            setTimeout(process.exit, Number(process.env.npm_config_timeout_exit));","        }","        // start server","        if (local.global.utility2_serverHttp1) {","            break;","        }","        process.env.PORT = process.env.PORT || '8081';","        console.error('server starting on port ' + process.env.PORT);","        local.http.createServer(function (request, response) {","            request.urlParsed = local.url.parse(request.url);","            if (local.assetsDict[request.urlParsed.pathname] !== undefined) {","                response.end(local.assetsDict[request.urlParsed.pathname]);","                return;","            }","            response.statusCode = 404;","            response.end();","        }).listen(process.env.PORT);","        break;","    }","}());",""],"l":{"26":2,"28":2,"33":2,"35":2,"37":2,"38":2,"39":2,"44":1,"51":2,"55":2,"59":2,"61":2,"69":1,"70":2,"76":2,"79":2,"82":2,"83":2,"85":1,"89":2,"92":1,"93":1,"94":1,"96":1,"97":1,"100":1,"101":1,"103":1,"106":1,"108":2,"114":1,"116":1,"118":1,"123":1,"124":2,"125":2,"126":3,"127":3,"128":3,"129":3,"130":1,"133":3,"134":3,"139":3,"143":1,"144":3,"145":1,"149":1,"150":1,"158":1,"160":1,"161":1,"162":1,"164":1,"166":1,"258":1,"259":1,"271":1,"274":6,"275":6,"277":1,"279":2,"281":1,"283":2,"288":1,"289":1,"291":1,"296":1,"303":1,"306":1,"307":1,"310":1,"311":1,"313":1,"314":1,"315":1,"316":1,"317":1,"318":1,"319":1,"321":1,"322":1,"324":1}},"/home/travis/build/npmtest/node-npmtest-angular-permission/node_modules/angular-permission/index.js":{"path":"/home/travis/build/npmtest/node-npmtest-angular-permission/node_modules/angular-permission/index.js","s":{"1":2,"2":2,"3":0},"b":{},"f":{"1":2},"fnMap":{"1":{"name":"(anonymous_1)","line":10,"loc":{"start":{"line":10,"column":1},"end":{"line":10,"column":13}}}},"statementMap":{"1":{"start":{"line":10,"column":0},"end":{"line":22,"column":5}},"2":{"start":{"line":13,"column":2},"end":{"line":15,"column":62}},"3":{"start":{"line":17,"column":2},"end":{"line":21,"column":4}}},"branchMap":{},"code":["/**"," * angular-permission"," * Fully featured role and permission based access control for your angular applications"," * @version v5.2.3 - 2017-04-06"," * @link https://github.com/Narzerus/angular-permission"," * @author Rafael Vidaurre <narzerus@gmail.com> (http://www.rafaelvidaurre.com), Blazej Krysiak <blazej.krysiak@gmail.com>"," * @license MIT License, http://www.opensource.org/licenses/MIT"," */","","(function () {","  'use strict';","","  var permission = require('./dist/angular-permission.js'),","    ngPermission = require('./dist/angular-permission-ng.js'),","    uiPermission = require('./dist/angular-permission-ui.js');","","  module.exports = {","    permission: permission,","    ngPermission: ngPermission,","    uiPermission: uiPermission","  };","})();",""],"l":{"10":2,"13":2,"17":0}},"/home/travis/build/npmtest/node-npmtest-angular-permission/node_modules/angular-permission/dist/angular-permission.js":{"path":"/home/travis/build/npmtest/node-npmtest-angular-permission/node_modules/angular-permission/dist/angular-permission.js","s":{"1":2,"2":0,"3":0,"4":0,"5":0,"6":0,"7":0,"8":0,"9":0,"10":0,"11":0,"12":0,"13":1,"14":0,"15":0,"16":0,"17":0,"18":0,"19":0,"20":0,"21":0,"22":0,"23":0,"24":0,"25":0,"26":0,"27":1,"28":0,"29":0,"30":1,"31":0,"32":0,"33":0,"34":0,"35":0,"36":0,"37":0,"38":0,"39":0,"40":0,"41":0,"42":0,"43":0,"44":0,"45":0,"46":0,"47":0,"48":0,"49":0,"50":0,"51":0,"52":1,"53":0,"54":0,"55":0,"56":0,"57":0,"58":0,"59":0,"60":0,"61":1,"62":0,"63":1,"64":0,"65":0,"66":0,"67":0,"68":0,"69":0,"70":0,"71":0,"72":0,"73":1,"74":0,"75":0,"76":0,"77":1,"78":0,"79":0,"80":0,"81":0,"82":1,"83":0,"84":0,"85":0,"86":0,"87":0,"88":1,"89":0,"90":1,"91":0,"92":0,"93":0,"94":0,"95":0,"96":0,"97":0,"98":0,"99":0,"100":1,"101":0,"102":0,"103":0,"104":1,"105":0,"106":0,"107":0,"108":0,"109":1,"110":0,"111":0,"112":0,"113":0,"114":0,"115":1,"116":0,"117":0,"118":0,"119":0,"120":0,"121":0,"122":0,"123":0,"124":0,"125":1,"126":0,"127":0,"128":0,"129":0,"130":0,"131":0,"132":0,"133":0,"134":0,"135":1,"136":0,"137":1,"138":0,"139":0,"140":0,"141":0,"142":1,"143":0,"144":1,"145":0,"146":1,"147":0,"148":1,"149":0,"150":1,"151":0,"152":0,"153":1,"154":0,"155":0,"156":0,"157":0,"158":0,"159":0,"160":0,"161":0,"162":0,"163":1,"164":0,"165":1,"166":0,"167":0,"168":0,"169":0,"170":1,"171":0,"172":1,"173":0,"174":1,"175":0,"176":1,"177":0,"178":1,"179":0,"180":0,"181":1,"182":0,"183":0,"184":0,"185":0,"186":0,"187":0,"188":0,"189":0,"190":0,"191":0,"192":0,"193":0,"194":0,"195":0,"196":0,"197":0,"198":0,"199":1,"200":0,"201":1,"202":0,"203":0,"204":0,"205":0,"206":1,"207":0,"208":0,"209":0,"210":0,"211":0,"212":1,"213":0,"214":0,"215":1,"216":0,"217":0,"218":0,"219":1,"220":0,"221":0,"222":0,"223":0,"224":1,"225":0,"226":0,"227":0,"228":0,"229":0,"230":0,"231":0,"232":0,"233":1,"234":0,"235":1,"236":0,"237":0,"238":0,"239":0,"240":0,"241":0,"242":0,"243":0,"244":0,"245":0,"246":0,"247":0,"248":0,"249":0,"250":0,"251":0,"252":0,"253":0,"254":0,"255":0,"256":1,"257":0,"258":0,"259":0,"260":0,"261":0,"262":0,"263":1,"264":0,"265":0,"266":0,"267":0,"268":0,"269":0,"270":0,"271":1,"272":0,"273":0,"274":0,"275":0,"276":0,"277":0,"278":0,"279":0,"280":0,"281":0,"282":0,"283":1,"284":0,"285":0,"286":0,"287":0,"288":0,"289":1,"290":0,"291":1,"292":0,"293":0,"294":0,"295":0,"296":1,"297":0,"298":0,"299":0,"300":0,"301":0,"302":0,"303":0,"304":0,"305":0,"306":0,"307":0,"308":0,"309":0,"310":0,"311":0,"312":0,"313":1,"314":0,"315":1,"316":0,"317":0,"318":0,"319":0,"320":0,"321":0,"322":0},"b":{"1":[0,0],"2":[0,0,0],"3":[0,0],"4":[0,0],"5":[0,0],"6":[0,0],"7":[0,0],"8":[0,0],"9":[0,0],"10":[0,0],"11":[0,0],"12":[0,0],"13":[0,0],"14":[0,0],"15":[0,0],"16":[0,0],"17":[0,0],"18":[0,0],"19":[0,0],"20":[0,0],"21":[0,0],"22":[0,0],"23":[0,0],"24":[0,0],"25":[0,0],"26":[0,0],"27":[0,0],"28":[0,0],"29":[0,0],"30":[0,0],"31":[0,0],"32":[0,0],"33":[0,0],"34":[0,0],"35":[0,0],"36":[0,0],"37":[0,0],"38":[0,0],"39":[0,0],"40":[0,0],"41":[0,0],"42":[0,0],"43":[0,0],"44":[0,0],"45":[0,0],"46":[0,0],"47":[0,0],"48":[0,0],"49":[0,0],"50":[0,0],"51":[0,0,0],"52":[0,0]},"f":{"1":0,"2":0,"3":0,"4":0,"5":0,"6":0,"7":0,"8":0,"9":0,"10":0,"11":0,"12":0,"13":0,"14":0,"15":0,"16":0,"17":0,"18":0,"19":0,"20":0,"21":0,"22":0,"23":0,"24":0,"25":0,"26":0,"27":0,"28":0,"29":0,"30":0,"31":0,"32":0,"33":0,"34":0,"35":0,"36":0,"37":0,"38":0,"39":0,"40":0,"41":0,"42":0,"43":0,"44":0,"45":0,"46":0,"47":0,"48":0,"49":0,"50":0,"51":0,"52":0,"53":0,"54":0,"55":0,"56":0,"57":0,"58":0,"59":0,"60":0,"61":0,"62":0,"63":0,"64":0,"65":0,"66":0,"67":0,"68":0,"69":0,"70":0,"71":0,"72":0,"73":0,"74":0,"75":0,"76":0,"77":0,"78":0,"79":0,"80":0,"81":0,"82":0,"83":0,"84":0,"85":0,"86":0,"87":0,"88":0,"89":0,"90":0},"fnMap":{"1":{"name":"(anonymous_1)","line":10,"loc":{"start":{"line":10,"column":1},"end":{"line":10,"column":39}}},"2":{"name":"$permission","line":37,"loc":{"start":{"line":37,"column":2},"end":{"line":37,"column":25}}},"3":{"name":"(anonymous_3)","line":50,"loc":{"start":{"line":50,"column":40},"end":{"line":50,"column":70}}},"4":{"name":"(anonymous_4)","line":60,"loc":{"start":{"line":60,"column":42},"end":{"line":60,"column":74}}},"5":{"name":"(anonymous_5)","line":71,"loc":{"start":{"line":71,"column":46},"end":{"line":71,"column":63}}},"6":{"name":"(anonymous_6)","line":76,"loc":{"start":{"line":76,"column":16},"end":{"line":76,"column":28}}},"7":{"name":"$q","line":97,"loc":{"start":{"line":97,"column":2},"end":{"line":97,"column":25}}},"8":{"name":"any","line":113,"loc":{"start":{"line":113,"column":4},"end":{"line":113,"column":27}}},"9":{"name":"(anonymous_9)","line":118,"loc":{"start":{"line":118,"column":32},"end":{"line":118,"column":56}}},"10":{"name":"(anonymous_10)","line":122,"loc":{"start":{"line":122,"column":16},"end":{"line":122,"column":33}}},"11":{"name":"(anonymous_11)","line":125,"loc":{"start":{"line":125,"column":17},"end":{"line":125,"column":35}}},"12":{"name":"(anonymous_12)","line":166,"loc":{"start":{"line":166,"column":19},"end":{"line":166,"column":39}}},"13":{"name":"(anonymous_13)","line":169,"loc":{"start":{"line":169,"column":20},"end":{"line":169,"column":40}}},"14":{"name":"(anonymous_14)","line":172,"loc":{"start":{"line":172,"column":17},"end":{"line":172,"column":37}}},"15":{"name":"(anonymous_15)","line":175,"loc":{"start":{"line":175,"column":17},"end":{"line":175,"column":37}}},"16":{"name":"PermTransitionEvents","line":213,"loc":{"start":{"line":213,"column":2},"end":{"line":213,"column":34}}},"17":{"name":"(anonymous_17)","line":216,"loc":{"start":{"line":216,"column":41},"end":{"line":216,"column":53}}},"18":{"name":"(anonymous_18)","line":220,"loc":{"start":{"line":220,"column":44},"end":{"line":220,"column":56}}},"19":{"name":"(anonymous_19)","line":224,"loc":{"start":{"line":224,"column":42},"end":{"line":224,"column":54}}},"20":{"name":"PermPermission","line":244,"loc":{"start":{"line":244,"column":2},"end":{"line":244,"column":67}}},"21":{"name":"Permission","line":254,"loc":{"start":{"line":254,"column":4},"end":{"line":254,"column":60}}},"22":{"name":"(anonymous_22)","line":267,"loc":{"start":{"line":267,"column":46},"end":{"line":267,"column":58}}},"23":{"name":"wrapInPromise","line":291,"loc":{"start":{"line":291,"column":4},"end":{"line":291,"column":51}}},"24":{"name":"validateConstructor","line":309,"loc":{"start":{"line":309,"column":4},"end":{"line":309,"column":69}}},"25":{"name":"annotateValidationFunction","line":328,"loc":{"start":{"line":328,"column":4},"end":{"line":328,"column":60}}},"26":{"name":"PermRole","line":356,"loc":{"start":{"line":356,"column":2},"end":{"line":356,"column":82}}},"27":{"name":"Role","line":367,"loc":{"start":{"line":367,"column":4},"end":{"line":367,"column":48}}},"28":{"name":"(anonymous_28)","line":380,"loc":{"start":{"line":380,"column":34},"end":{"line":380,"column":46}}},"29":{"name":"wrapInPromise","line":404,"loc":{"start":{"line":404,"column":4},"end":{"line":404,"column":45}}},"30":{"name":"validateConstructor","line":423,"loc":{"start":{"line":423,"column":4},"end":{"line":423,"column":63}}},"31":{"name":"annotateValidationFunction","line":444,"loc":{"start":{"line":444,"column":4},"end":{"line":444,"column":60}}},"32":{"name":"preparePermissionEvaluation","line":466,"loc":{"start":{"line":466,"column":4},"end":{"line":466,"column":54}}},"33":{"name":"(anonymous_33)","line":467,"loc":{"start":{"line":467,"column":13},"end":{"line":467,"column":25}}},"34":{"name":"(anonymous_34)","line":468,"loc":{"start":{"line":468,"column":39},"end":{"line":468,"column":65}}},"35":{"name":"PermPermissionStore","line":495,"loc":{"start":{"line":495,"column":2},"end":{"line":495,"column":47}}},"36":{"name":"definePermission","line":520,"loc":{"start":{"line":520,"column":4},"end":{"line":520,"column":66}}},"37":{"name":"defineManyPermissions","line":532,"loc":{"start":{"line":532,"column":4},"end":{"line":532,"column":72}}},"38":{"name":"(anonymous_38)","line":537,"loc":{"start":{"line":537,"column":39},"end":{"line":537,"column":65}}},"39":{"name":"removePermissionDefinition","line":548,"loc":{"start":{"line":548,"column":4},"end":{"line":548,"column":56}}},"40":{"name":"hasPermissionDefinition","line":559,"loc":{"start":{"line":559,"column":4},"end":{"line":559,"column":53}}},"41":{"name":"getPermissionDefinition","line":569,"loc":{"start":{"line":569,"column":4},"end":{"line":569,"column":53}}},"42":{"name":"getStore","line":579,"loc":{"start":{"line":579,"column":4},"end":{"line":579,"column":24}}},"43":{"name":"clearStore","line":587,"loc":{"start":{"line":587,"column":4},"end":{"line":587,"column":26}}},"44":{"name":"PermRoleStore","line":603,"loc":{"start":{"line":603,"column":2},"end":{"line":603,"column":35}}},"45":{"name":"defineRole","line":624,"loc":{"start":{"line":624,"column":4},"end":{"line":624,"column":54}}},"46":{"name":"defineManyRoles","line":635,"loc":{"start":{"line":635,"column":4},"end":{"line":635,"column":38}}},"47":{"name":"(anonymous_47)","line":640,"loc":{"start":{"line":640,"column":31},"end":{"line":640,"column":71}}},"48":{"name":"removeRoleDefinition","line":651,"loc":{"start":{"line":651,"column":4},"end":{"line":651,"column":44}}},"49":{"name":"hasRoleDefinition","line":662,"loc":{"start":{"line":662,"column":4},"end":{"line":662,"column":41}}},"50":{"name":"getRoleDefinition","line":672,"loc":{"start":{"line":672,"column":4},"end":{"line":672,"column":41}}},"51":{"name":"getStore","line":682,"loc":{"start":{"line":682,"column":4},"end":{"line":682,"column":24}}},"52":{"name":"clearStore","line":690,"loc":{"start":{"line":690,"column":4},"end":{"line":690,"column":26}}},"53":{"name":"PermissionDirective","line":750,"loc":{"start":{"line":750,"column":2},"end":{"line":750,"column":93}}},"54":{"name":"(anonymous_54)","line":763,"loc":{"start":{"line":763,"column":56},"end":{"line":763,"column":97}}},"55":{"name":"(anonymous_55)","line":767,"loc":{"start":{"line":767,"column":10},"end":{"line":767,"column":22}}},"56":{"name":"(anonymous_56)","line":774,"loc":{"start":{"line":774,"column":24},"end":{"line":774,"column":36}}},"57":{"name":"(anonymous_57)","line":777,"loc":{"start":{"line":777,"column":25},"end":{"line":777,"column":37}}},"58":{"name":"(anonymous_58)","line":789,"loc":{"start":{"line":789,"column":24},"end":{"line":789,"column":36}}},"59":{"name":"(anonymous_59)","line":792,"loc":{"start":{"line":792,"column":25},"end":{"line":792,"column":37}}},"60":{"name":"isSrefStateDefined","line":808,"loc":{"start":{"line":808,"column":8},"end":{"line":808,"column":38}}},"61":{"name":"onAuthorizedAccess","line":816,"loc":{"start":{"line":816,"column":8},"end":{"line":816,"column":38}}},"62":{"name":"onUnauthorizedAccess","line":829,"loc":{"start":{"line":829,"column":8},"end":{"line":829,"column":40}}},"63":{"name":"PermAuthorization","line":852,"loc":{"start":{"line":852,"column":2},"end":{"line":852,"column":33}}},"64":{"name":"authorizeByPermissionMap","line":865,"loc":{"start":{"line":865,"column":4},"end":{"line":865,"column":43}}},"65":{"name":"resolveExceptPrivilegeMap","line":882,"loc":{"start":{"line":882,"column":4},"end":{"line":882,"column":54}}},"66":{"name":"(anonymous_66)","line":886,"loc":{"start":{"line":886,"column":14},"end":{"line":886,"column":45}}},"67":{"name":"(anonymous_67)","line":889,"loc":{"start":{"line":889,"column":15},"end":{"line":889,"column":27}}},"68":{"name":"resolveOnlyPermissionMap","line":902,"loc":{"start":{"line":902,"column":4},"end":{"line":902,"column":53}}},"69":{"name":"(anonymous_69)","line":910,"loc":{"start":{"line":910,"column":14},"end":{"line":910,"column":45}}},"70":{"name":"(anonymous_70)","line":913,"loc":{"start":{"line":913,"column":15},"end":{"line":913,"column":45}}},"71":{"name":"PermPermissionMap","line":938,"loc":{"start":{"line":938,"column":2},"end":{"line":938,"column":125}}},"72":{"name":"PermissionMap","line":953,"loc":{"start":{"line":953,"column":4},"end":{"line":953,"column":42}}},"73":{"name":"(anonymous_73)","line":970,"loc":{"start":{"line":970,"column":51},"end":{"line":970,"column":85}}},"74":{"name":"(anonymous_74)","line":990,"loc":{"start":{"line":990,"column":54},"end":{"line":990,"column":74}}},"75":{"name":"(anonymous_75)","line":992,"loc":{"start":{"line":992,"column":26},"end":{"line":992,"column":51}}},"76":{"name":"resolveRedirectState","line":1021,"loc":{"start":{"line":1021,"column":4},"end":{"line":1021,"column":76}}},"77":{"name":"(anonymous_77)","line":1027,"loc":{"start":{"line":1027,"column":14},"end":{"line":1027,"column":39}}},"78":{"name":"normalizeOnlyAndExceptProperty","line":1051,"loc":{"start":{"line":1051,"column":4},"end":{"line":1051,"column":54}}},"79":{"name":"normalizeRedirectToProperty","line":1077,"loc":{"start":{"line":1077,"column":4},"end":{"line":1077,"column":53}}},"80":{"name":"normalizeStringRedirectionRule","line":1110,"loc":{"start":{"line":1110,"column":4},"end":{"line":1110,"column":56}}},"81":{"name":"(anonymous_81)","line":1113,"loc":{"start":{"line":1113,"column":31},"end":{"line":1113,"column":43}}},"82":{"name":"isObjectSingleRedirectionRule","line":1132,"loc":{"start":{"line":1132,"column":4},"end":{"line":1132,"column":55}}},"83":{"name":"normalizeObjectSingleRedirectionRule","line":1145,"loc":{"start":{"line":1145,"column":4},"end":{"line":1145,"column":62}}},"84":{"name":"(anonymous_84)","line":1148,"loc":{"start":{"line":1148,"column":31},"end":{"line":1148,"column":43}}},"85":{"name":"normalizeObjectMultipleRedirectionRule","line":1164,"loc":{"start":{"line":1164,"column":4},"end":{"line":1164,"column":64}}},"86":{"name":"(anonymous_86)","line":1167,"loc":{"start":{"line":1167,"column":34},"end":{"line":1167,"column":69}}},"87":{"name":"(anonymous_87)","line":1178,"loc":{"start":{"line":1178,"column":39},"end":{"line":1178,"column":51}}},"88":{"name":"(anonymous_88)","line":1185,"loc":{"start":{"line":1185,"column":39},"end":{"line":1185,"column":51}}},"89":{"name":"isInjectable","line":1206,"loc":{"start":{"line":1206,"column":4},"end":{"line":1206,"column":36}}},"90":{"name":"normalizeFunctionRedirectionRule","line":1219,"loc":{"start":{"line":1219,"column":4},"end":{"line":1219,"column":58}}}},"statementMap":{"1":{"start":{"line":10,"column":0},"end":{"line":1238,"column":27}},"2":{"start":{"line":17,"column":2},"end":{"line":17,"column":29}},"3":{"start":{"line":18,"column":2},"end":{"line":18,"column":75}},"4":{"start":{"line":19,"column":2},"end":{"line":19,"column":92}},"5":{"start":{"line":20,"column":2},"end":{"line":20,"column":51}},"6":{"start":{"line":21,"column":2},"end":{"line":21,"column":39}},"7":{"start":{"line":22,"column":2},"end":{"line":22,"column":103}},"8":{"start":{"line":23,"column":2},"end":{"line":23,"column":37}},"9":{"start":{"line":24,"column":2},"end":{"line":24,"column":141}},"10":{"start":{"line":25,"column":2},"end":{"line":25,"column":52}},"11":{"start":{"line":28,"column":2},"end":{"line":30,"column":3}},"12":{"start":{"line":29,"column":4},"end":{"line":29,"column":37},"skip":true},"13":{"start":{"line":37,"column":2},"end":{"line":83,"column":3}},"14":{"start":{"line":38,"column":4},"end":{"line":38,"column":15}},"15":{"start":{"line":40,"column":4},"end":{"line":40,"column":50}},"16":{"start":{"line":41,"column":4},"end":{"line":41,"column":52}},"17":{"start":{"line":42,"column":4},"end":{"line":42,"column":51}},"18":{"start":{"line":50,"column":4},"end":{"line":52,"column":6}},"19":{"start":{"line":51,"column":6},"end":{"line":51,"column":53}},"20":{"start":{"line":60,"column":4},"end":{"line":62,"column":6}},"21":{"start":{"line":61,"column":6},"end":{"line":61,"column":57}},"22":{"start":{"line":71,"column":4},"end":{"line":73,"column":6}},"23":{"start":{"line":72,"column":6},"end":{"line":72,"column":49}},"24":{"start":{"line":76,"column":4},"end":{"line":82,"column":6}},"25":{"start":{"line":77,"column":6},"end":{"line":81,"column":8}},"26":{"start":{"line":85,"column":2},"end":{"line":87,"column":42}},"27":{"start":{"line":97,"column":2},"end":{"line":141,"column":3}},"28":{"start":{"line":98,"column":4},"end":{"line":98,"column":15}},"29":{"start":{"line":100,"column":4},"end":{"line":100,"column":24}},"30":{"start":{"line":113,"column":4},"end":{"line":138,"column":5}},"31":{"start":{"line":114,"column":6},"end":{"line":116,"column":54}},"32":{"start":{"line":118,"column":6},"end":{"line":131,"column":9}},"33":{"start":{"line":119,"column":8},"end":{"line":119,"column":18}},"34":{"start":{"line":120,"column":8},"end":{"line":130,"column":13}},"35":{"start":{"line":123,"column":12},"end":{"line":123,"column":36}},"36":{"start":{"line":126,"column":12},"end":{"line":126,"column":34}},"37":{"start":{"line":127,"column":12},"end":{"line":129,"column":13}},"38":{"start":{"line":128,"column":14},"end":{"line":128,"column":38}},"39":{"start":{"line":133,"column":6},"end":{"line":135,"column":7}},"40":{"start":{"line":134,"column":8},"end":{"line":134,"column":33}},"41":{"start":{"line":137,"column":6},"end":{"line":137,"column":30}},"42":{"start":{"line":140,"column":4},"end":{"line":140,"column":21}},"43":{"start":{"line":143,"column":2},"end":{"line":145,"column":25}},"44":{"start":{"line":165,"column":2},"end":{"line":178,"column":4}},"45":{"start":{"line":167,"column":6},"end":{"line":167,"column":38}},"46":{"start":{"line":170,"column":6},"end":{"line":170,"column":44}},"47":{"start":{"line":173,"column":6},"end":{"line":173,"column":38}},"48":{"start":{"line":176,"column":6},"end":{"line":176,"column":35}},"49":{"start":{"line":180,"column":2},"end":{"line":183,"column":61}},"50":{"start":{"line":203,"column":2},"end":{"line":203,"column":36}},"51":{"start":{"line":205,"column":2},"end":{"line":207,"column":65}},"52":{"start":{"line":213,"column":2},"end":{"line":227,"column":3}},"53":{"start":{"line":214,"column":4},"end":{"line":214,"column":15}},"54":{"start":{"line":216,"column":4},"end":{"line":218,"column":6}},"55":{"start":{"line":217,"column":6},"end":{"line":217,"column":116}},"56":{"start":{"line":220,"column":4},"end":{"line":222,"column":6}},"57":{"start":{"line":221,"column":6},"end":{"line":221,"column":119}},"58":{"start":{"line":224,"column":4},"end":{"line":226,"column":6}},"59":{"start":{"line":225,"column":6},"end":{"line":225,"column":117}},"60":{"start":{"line":229,"column":2},"end":{"line":231,"column":59}},"61":{"start":{"line":244,"column":2},"end":{"line":339,"column":3}},"62":{"start":{"line":245,"column":4},"end":{"line":245,"column":15}},"63":{"start":{"line":254,"column":4},"end":{"line":259,"column":5}},"64":{"start":{"line":255,"column":6},"end":{"line":255,"column":62}},"65":{"start":{"line":257,"column":6},"end":{"line":257,"column":43}},"66":{"start":{"line":258,"column":6},"end":{"line":258,"column":79}},"67":{"start":{"line":267,"column":4},"end":{"line":279,"column":6}},"68":{"start":{"line":268,"column":6},"end":{"line":271,"column":8}},"69":{"start":{"line":272,"column":6},"end":{"line":272,"column":95}},"70":{"start":{"line":274,"column":6},"end":{"line":276,"column":7}},"71":{"start":{"line":275,"column":8},"end":{"line":275,"column":80}},"72":{"start":{"line":278,"column":6},"end":{"line":278,"column":30}},"73":{"start":{"line":291,"column":4},"end":{"line":297,"column":5}},"74":{"start":{"line":292,"column":6},"end":{"line":294,"column":7}},"75":{"start":{"line":293,"column":8},"end":{"line":293,"column":42}},"76":{"start":{"line":296,"column":6},"end":{"line":296,"column":39}},"77":{"start":{"line":309,"column":4},"end":{"line":316,"column":5}},"78":{"start":{"line":310,"column":6},"end":{"line":312,"column":7}},"79":{"start":{"line":311,"column":8},"end":{"line":311,"column":78}},"80":{"start":{"line":313,"column":6},"end":{"line":315,"column":7}},"81":{"start":{"line":314,"column":8},"end":{"line":314,"column":131}},"82":{"start":{"line":328,"column":4},"end":{"line":336,"column":5}},"83":{"start":{"line":329,"column":6},"end":{"line":333,"column":7}},"84":{"start":{"line":332,"column":8},"end":{"line":332,"column":92}},"85":{"start":{"line":335,"column":6},"end":{"line":335,"column":32}},"86":{"start":{"line":338,"column":4},"end":{"line":338,"column":22}},"87":{"start":{"line":341,"column":2},"end":{"line":343,"column":47}},"88":{"start":{"line":356,"column":2},"end":{"line":483,"column":3}},"89":{"start":{"line":357,"column":4},"end":{"line":357,"column":15}},"90":{"start":{"line":367,"column":4},"end":{"line":372,"column":5}},"91":{"start":{"line":368,"column":6},"end":{"line":368,"column":56}},"92":{"start":{"line":370,"column":6},"end":{"line":370,"column":31}},"93":{"start":{"line":371,"column":6},"end":{"line":371,"column":79}},"94":{"start":{"line":380,"column":4},"end":{"line":392,"column":6}},"95":{"start":{"line":381,"column":6},"end":{"line":384,"column":8}},"96":{"start":{"line":385,"column":6},"end":{"line":385,"column":95}},"97":{"start":{"line":387,"column":6},"end":{"line":389,"column":7}},"98":{"start":{"line":388,"column":8},"end":{"line":388,"column":74}},"99":{"start":{"line":391,"column":6},"end":{"line":391,"column":30}},"100":{"start":{"line":404,"column":4},"end":{"line":410,"column":5}},"101":{"start":{"line":405,"column":6},"end":{"line":407,"column":7}},"102":{"start":{"line":406,"column":8},"end":{"line":406,"column":36}},"103":{"start":{"line":409,"column":6},"end":{"line":409,"column":33}},"104":{"start":{"line":423,"column":4},"end":{"line":431,"column":5}},"105":{"start":{"line":424,"column":6},"end":{"line":426,"column":7}},"106":{"start":{"line":425,"column":8},"end":{"line":425,"column":72}},"107":{"start":{"line":428,"column":6},"end":{"line":430,"column":7}},"108":{"start":{"line":429,"column":8},"end":{"line":429,"column":88}},"109":{"start":{"line":444,"column":4},"end":{"line":455,"column":5}},"110":{"start":{"line":446,"column":6},"end":{"line":452,"column":7}},"111":{"start":{"line":447,"column":8},"end":{"line":447,"column":77}},"112":{"start":{"line":448,"column":13},"end":{"line":452,"column":7}},"113":{"start":{"line":451,"column":8},"end":{"line":451,"column":86}},"114":{"start":{"line":454,"column":6},"end":{"line":454,"column":32}},"115":{"start":{"line":466,"column":4},"end":{"line":480,"column":5}},"116":{"start":{"line":467,"column":6},"end":{"line":479,"column":8}},"117":{"start":{"line":468,"column":8},"end":{"line":476,"column":11}},"118":{"start":{"line":469,"column":10},"end":{"line":473,"column":11}},"119":{"start":{"line":470,"column":12},"end":{"line":470,"column":89}},"120":{"start":{"line":472,"column":12},"end":{"line":472,"column":51}},"121":{"start":{"line":475,"column":10},"end":{"line":475,"column":43}},"122":{"start":{"line":478,"column":8},"end":{"line":478,"column":32}},"123":{"start":{"line":482,"column":4},"end":{"line":482,"column":16}},"124":{"start":{"line":485,"column":2},"end":{"line":487,"column":35}},"125":{"start":{"line":495,"column":2},"end":{"line":590,"column":3}},"126":{"start":{"line":496,"column":4},"end":{"line":496,"column":15}},"127":{"start":{"line":503,"column":4},"end":{"line":503,"column":29}},"128":{"start":{"line":505,"column":4},"end":{"line":505,"column":45}},"129":{"start":{"line":506,"column":4},"end":{"line":506,"column":55}},"130":{"start":{"line":507,"column":4},"end":{"line":507,"column":65}},"131":{"start":{"line":508,"column":4},"end":{"line":508,"column":59}},"132":{"start":{"line":509,"column":4},"end":{"line":509,"column":59}},"133":{"start":{"line":510,"column":4},"end":{"line":510,"column":29}},"134":{"start":{"line":511,"column":4},"end":{"line":511,"column":33}},"135":{"start":{"line":520,"column":4},"end":{"line":522,"column":5}},"136":{"start":{"line":521,"column":6},"end":{"line":521,"column":95}},"137":{"start":{"line":532,"column":4},"end":{"line":540,"column":5}},"138":{"start":{"line":533,"column":6},"end":{"line":535,"column":7}},"139":{"start":{"line":534,"column":8},"end":{"line":534,"column":78}},"140":{"start":{"line":537,"column":6},"end":{"line":539,"column":9}},"141":{"start":{"line":538,"column":8},"end":{"line":538,"column":61}},"142":{"start":{"line":548,"column":4},"end":{"line":550,"column":5}},"143":{"start":{"line":549,"column":6},"end":{"line":549,"column":45}},"144":{"start":{"line":559,"column":4},"end":{"line":561,"column":5}},"145":{"start":{"line":560,"column":6},"end":{"line":560,"column":64}},"146":{"start":{"line":569,"column":4},"end":{"line":571,"column":5}},"147":{"start":{"line":570,"column":6},"end":{"line":570,"column":45}},"148":{"start":{"line":579,"column":4},"end":{"line":581,"column":5}},"149":{"start":{"line":580,"column":6},"end":{"line":580,"column":29}},"150":{"start":{"line":587,"column":4},"end":{"line":589,"column":5}},"151":{"start":{"line":588,"column":6},"end":{"line":588,"column":27}},"152":{"start":{"line":592,"column":2},"end":{"line":594,"column":57}},"153":{"start":{"line":603,"column":2},"end":{"line":693,"column":3}},"154":{"start":{"line":604,"column":4},"end":{"line":604,"column":15}},"155":{"start":{"line":606,"column":4},"end":{"line":606,"column":23}},"156":{"start":{"line":608,"column":4},"end":{"line":608,"column":33}},"157":{"start":{"line":609,"column":4},"end":{"line":609,"column":43}},"158":{"start":{"line":610,"column":4},"end":{"line":610,"column":47}},"159":{"start":{"line":611,"column":4},"end":{"line":611,"column":47}},"160":{"start":{"line":612,"column":4},"end":{"line":612,"column":53}},"161":{"start":{"line":613,"column":4},"end":{"line":613,"column":29}},"162":{"start":{"line":614,"column":4},"end":{"line":614,"column":33}},"163":{"start":{"line":624,"column":4},"end":{"line":626,"column":5}},"164":{"start":{"line":625,"column":6},"end":{"line":625,"column":71}},"165":{"start":{"line":635,"column":4},"end":{"line":643,"column":5}},"166":{"start":{"line":636,"column":6},"end":{"line":638,"column":7}},"167":{"start":{"line":637,"column":8},"end":{"line":637,"column":73}},"168":{"start":{"line":640,"column":6},"end":{"line":642,"column":9}},"169":{"start":{"line":641,"column":8},"end":{"line":641,"column":49}},"170":{"start":{"line":651,"column":4},"end":{"line":653,"column":5}},"171":{"start":{"line":652,"column":6},"end":{"line":652,"column":33}},"172":{"start":{"line":662,"column":4},"end":{"line":664,"column":5}},"173":{"start":{"line":663,"column":6},"end":{"line":663,"column":52}},"174":{"start":{"line":672,"column":4},"end":{"line":674,"column":5}},"175":{"start":{"line":673,"column":6},"end":{"line":673,"column":33}},"176":{"start":{"line":682,"column":4},"end":{"line":684,"column":5}},"177":{"start":{"line":683,"column":6},"end":{"line":683,"column":23}},"178":{"start":{"line":690,"column":4},"end":{"line":692,"column":5}},"179":{"start":{"line":691,"column":6},"end":{"line":691,"column":21}},"180":{"start":{"line":695,"column":2},"end":{"line":697,"column":45}},"181":{"start":{"line":750,"column":2},"end":{"line":839,"column":3}},"182":{"start":{"line":751,"column":4},"end":{"line":751,"column":15}},"183":{"start":{"line":753,"column":4},"end":{"line":838,"column":6}},"184":{"start":{"line":764,"column":8},"end":{"line":764,"column":30}},"185":{"start":{"line":766,"column":8},"end":{"line":800,"column":13}},"186":{"start":{"line":768,"column":12},"end":{"line":799,"column":13}},"187":{"start":{"line":769,"column":14},"end":{"line":795,"column":15}},"188":{"start":{"line":770,"column":16},"end":{"line":770,"column":85}},"189":{"start":{"line":772,"column":16},"end":{"line":779,"column":21}},"190":{"start":{"line":775,"column":20},"end":{"line":775,"column":41}},"191":{"start":{"line":778,"column":20},"end":{"line":778,"column":43}},"192":{"start":{"line":781,"column":16},"end":{"line":781,"column":75}},"193":{"start":{"line":782,"column":16},"end":{"line":785,"column":19}},"194":{"start":{"line":787,"column":16},"end":{"line":794,"column":21}},"195":{"start":{"line":790,"column":20},"end":{"line":790,"column":41}},"196":{"start":{"line":793,"column":20},"end":{"line":793,"column":43}},"197":{"start":{"line":797,"column":14},"end":{"line":797,"column":37}},"198":{"start":{"line":798,"column":14},"end":{"line":798,"column":36}},"199":{"start":{"line":808,"column":8},"end":{"line":810,"column":9}},"200":{"start":{"li
[...]
ference from inside of permissionDirective","   *","   * @example","   * <div permission","   *      permission-only=\"['USER','ADMIN']\"","   *      permission-on-authorized=\"PermPermissionStrategies.disableElement\"","   *      permission-on-unauthorized=\"PermPermissionStrategies.enableElement\">","   * </div>","   *","   * @param $log {Object} Logging service","   * @param $injector {Object} Injector instance object","   * @param PermPermissionMap {permission.permPermissionMap|Function} Map of state access rights","   * @param PermPermissionStrategies {permission.permPermissionStrategies} Set of pre-defined directive behaviours","   *","   * @returns {{","   *   restrict: string,","   *   bindToController: {","   *     sref: string","   *     only: string,","   *     except: string,","   *     onAuthorized: function,","   *     onUnauthorized: function","   *   },","   *   controllerAs: string,","   *   controller: controller","   * }} Directive instance","   */","  function PermissionDirective($log, $injector, PermPermissionMap, PermPermissionStrategies) {","    'ngInject';","","    return {","      restrict: 'A',","      bindToController: {","        sref: '=?permissionSref',","        only: '=?permissionOnly',","        except: '=?permissionExcept',","        onAuthorized: '&?permissionOnAuthorized',","        onUnauthorized: '&?permissionOnUnauthorized'","      },","      controllerAs: 'permission',","      controller: ['$scope', '$element', '$permission', function ($scope, $element, $permission) {","        var permission = this;","","        $scope.$watchGroup(['permission.only', 'permission.except', 'sref'],","          function () {","            try {","              if (isSrefStateDefined()) {","                var PermStateAuthorization = $injector.get('PermStateAuthorization');","","                PermStateAuthorization","                  .authorizeByStateName(permission.sref)","                  .then(function () {","                    onAuthorizedAccess();","                  })","                  .catch(function () {","                    onUnauthorizedAccess();","                  });","              } else {","                var PermAuthorization = $injector.get('PermAuthorization');","                var permissionMap = new PermPermissionMap({","                  only: permission.only,","                  except: permission.except","                });","","                PermAuthorization","                  .authorizeByPermissionMap(permissionMap)","                  .then(function () {","                    onAuthorizedAccess();","                  })","                  .catch(function () {","                    onUnauthorizedAccess();","                  });","              }","            } catch (e) {","              onUnauthorizedAccess();","              $log.error(e.message);","            }","          });","","        /**","         * Returns true when permissions should be checked based on state name","         * @private","         *","         * @returns {boolean}","         */","        function isSrefStateDefined() {","          return $injector.has('$state') && permission.sref;","        }","","        /**","         * Calls `onAuthorized` function if provided or show element","         * @private","         */","        function onAuthorizedAccess() {","          if (angular.isFunction(permission.onAuthorized)) {","            permission.onAuthorized()($element);","          } else {","            var onAuthorizedMethodName = $permission.defaultOnAuthorizedMethod;","            PermPermissionStrategies[onAuthorizedMethodName]($element);","          }","        }","","        /**","         * Calls `onUnauthorized` function if provided or hide element","         * @private","         */","        function onUnauthorizedAccess() {","          if (angular.isFunction(permission.onUnauthorized)) {","            permission.onUnauthorized()($element);","          } else {","            var onUnauthorizedMethodName = $permission.defaultOnUnauthorizedMethod;","            PermPermissionStrategies[onUnauthorizedMethodName]($element);","          }","        }","      }]","    };","  }","","  angular","    .module('permission')","    .directive('permission', PermissionDirective);","","","  /**","   * Service responsible for handling view based authorization","   * @name permission.PermAuthorization","   *","   * @param $q {Object} Angular promise implementation","   */","  function PermAuthorization($q) {","    'ngInject';","","    this.authorizeByPermissionMap = authorizeByPermissionMap;","","    /**","     * Handles authorization based on provided permissions map","     * @methodOf permission.PermAuthorization","     *","     * @param map {permission.PermissionMap} Map of permission names","     *","     * @returns {promise} $q.promise object","     */","    function authorizeByPermissionMap(map) {","      var deferred = $q.defer();","","      resolveExceptPrivilegeMap(deferred, map);","","      return deferred.promise;","    }","","    /**","     * Resolves flat set of \"except\" privileges","     * @methodOf permission.PermAuthorization","     * @private","     *","     * @param deferred {Object} Promise defer","     * @param map {permission.PermissionMap} Access rights map","     *","     */","    function resolveExceptPrivilegeMap(deferred, map) {","      var exceptPromises = map.resolvePropertyValidity(map.except);","","      $q.any(exceptPromises)","        .then(function (rejectedPermissions) {","          deferred.reject(rejectedPermissions);","        })","        .catch(function () {","          resolveOnlyPermissionMap(deferred, map);","        });","    }","","    /**","     * Resolves flat set of \"only\" privileges","     * @methodOf permission.PermAuthorization","     * @private","     *","     * @param deferred {Object} Promise defer","     * @param map {permission.PermissionMap} Access rights map","     */","    function resolveOnlyPermissionMap(deferred, map) {","      if (!map.only.length) {","        deferred.resolve();","        return;","      }","","      var onlyPromises = map.resolvePropertyValidity(map.only);","      $q.any(onlyPromises)","        .then(function (resolvedPermissions) {","          deferred.resolve(resolvedPermissions);","        })","        .catch(function (rejectedPermission) {","          deferred.reject(rejectedPermission);","        });","    }","  }","","  angular","    .module('permission')","    .service('PermAuthorization', PermAuthorization);","","","  /**","   * Access rights map factory","   * @name permission.PermPermissionMap","   *","   * @param $q {Object} Angular promise implementation","   * @param $log {Object} Angular logging utility","   * @param $injector {Object} Dependency injection instance","   * @param $permission {Object} Permission module configuration object","   * @param PermTransitionProperties {permission.PermTransitionProperties} Helper storing ui-router transition parameters","   * @param PermRoleStore {permission.PermRoleStore} Role definition storage","   * @param PermPermissionStore {permission.PermPermissionStore} Permission definition storage","   *","   * @return {permission.PermissionMap}","   */","  function PermPermissionMap($q, $log, $injector, $permission, PermTransitionProperties, PermRoleStore, PermPermissionStore) {","    'ngInject';","","    /**","     * Constructs map object instructing authorization service how to handle authorizing","     * @constructor permission.PermissionMap","     *","     * @param [permissionMap] {Object} Map of permissions provided to authorization service","     * @param [permissionMap.only] {String|Array|Function} List of exclusive access right names allowed for","     *   authorization","     * @param [permissionMap.except] {String|Array|Function} List of exclusive access right names denied for","     *   authorization","     * @param [permissionMap.redirectTo] {String|Function|Object|promise} Handling redirection when rejected","     *   authorization","     */","    function PermissionMap(permissionMap) {","      // Suppress not defined object errors","      permissionMap = permissionMap || {};","","      this.only = normalizeOnlyAndExceptProperty(permissionMap.only);","      this.except = normalizeOnlyAndExceptProperty(permissionMap.except);","      this.redirectTo = normalizeRedirectToProperty(permissionMap.redirectTo);","    }","","    /**","     * Redirects to fallback states when permissions fail","     * @methodOf permission.PermissionMap","     *","     * @param [rejectedPermissionName] {String} Permission name","     *","     * @return {Promise}","     */","    PermissionMap.prototype.resolveRedirectState = function (rejectedPermissionName) {","","      // If redirectTo definition is not found stay where you are","      if (!angular.isDefined(this.redirectTo)) {","        return $q.reject();","      }","","      var redirectState = this.redirectTo[rejectedPermissionName] || this.redirectTo['default'];","","      return resolveRedirectState(redirectState, rejectedPermissionName);","    };","","    /**","     * Resolves weather permissions set for \"only\" or \"except\" property are valid","     * @methodOf permission.PermissionMap","     *","     * @param property {Array} \"only\" or \"except\" map property","     *","     * @return {Array<Promise>}","     */","    PermissionMap.prototype.resolvePropertyValidity = function (property) {","","      return property.map(function (privilegeName) {","        if (PermRoleStore.hasRoleDefinition(privilegeName)) {","          var role = PermRoleStore.getRoleDefinition(privilegeName);","          return role.validateRole();","        }","","        if (PermPermissionStore.hasPermissionDefinition(privilegeName)) {","          var permission = PermPermissionStore.getPermissionDefinition(privilegeName);","          return permission.validatePermission();","        }","","        if (!$permission.suppressUndefinedPermissionWarning) {","          $log.warn('Permission or role ' + privilegeName + ' was not defined.');","        }","        return $q.reject(privilegeName);","      });","    };","","    /**","     * Handles function based redirection for rejected permissions","     * @methodOf permission.PermissionMap","     *","     * @throws {TypeError}","     *","     * @param redirectFunction {Function} Redirection function","     * @param rejectedPermissionName {String} Rejected permission","     *","     * @return {Promise}","     */","    function resolveRedirectState(redirectFunction, rejectedPermissionName) {","      return $q","        .when($injector.invoke(redirectFunction, null, {","          rejectedPermission: rejectedPermissionName,","          transitionProperties: PermTransitionProperties","        }))","        .then(function (redirectState) {","          if (angular.isString(redirectState)) {","            return {","              state: redirectState","            };","          }","","          if (angular.isObject(redirectState)) {","            return redirectState;","          }","","          return $q.reject();","        });","    }","","    /**","     * Handles extraction of permission map \"only\" and \"except\" properties and converts them into array objects","     * @methodOf permission.PermissionMap","     * @private","     *","     * @param property {String|Array|Function} PermPermission map property \"only\" or \"except\"","     *","     * @returns {Array<String>} Array of permission \"only\" or \"except\" names","     */","    function normalizeOnlyAndExceptProperty(property) {","      if (angular.isString(property)) {","        return [property];","      }","","      if (angular.isArray(property)) {","        return property;","      }","","      if (angular.isFunction(property)) {","        return property.call(null, PermTransitionProperties);","      }","","      return [];","    }","","    /**","     * Convert user provided input into key value dictionary with permission/role name as a key and injectable resolver","     * function as a value","     * @methodOf permission.PermissionMap","     * @private","     *","     * @param redirectTo {String|Function|Array|Object} PermPermission map property \"redirectTo\"","     *","     * @returns {Object<String, Object>} Redirection dictionary object","     */","    function normalizeRedirectToProperty(redirectTo) {","      if (!angular.isDefined(redirectTo)) {","        return;","      }","","      if (isInjectable(redirectTo) || angular.isFunction(redirectTo)) {","        return normalizeFunctionRedirectionRule(redirectTo);","      }","","      if (angular.isObject(redirectTo)) {","        if (isObjectSingleRedirectionRule(redirectTo)) {","          return normalizeObjectSingleRedirectionRule(redirectTo);","        }","","        return normalizeObjectMultipleRedirectionRule(redirectTo);","      }","","      if (angular.isString(redirectTo)) {","        return normalizeStringRedirectionRule(redirectTo);","      }","","      throw new ReferenceError('Property \"redirectTo\" must be String, Function, Array or Object');","    }","","    /**","     * Convert string redirection rule into single-element redirection dictionary","     * @methodOf permission.PermissionMap","     * @private","     *","     * @param redirectTo {String} PermPermission map property \"redirectTo\"","     *","     * @returns {Object<String, Object>} Redirection dictionary object","     */","    function normalizeStringRedirectionRule(redirectTo) {","      var redirectionMap = {};","","      redirectionMap.default = function () {","        return {","          state: redirectTo","        };","      };","      redirectionMap.default.$inject = ['rejectedPermission', 'transitionProperties'];","","      return redirectionMap;","    }","","    /**","     * Checks if redirection object is single rule type","     * @methodOf permission.PermissionMap","     * @private","     *","     * @param redirectTo {Object} PermPermission map property \"redirectTo\"","     *","     * @returns {boolean}","     */","    function isObjectSingleRedirectionRule(redirectTo) {","      return angular.isDefined(redirectTo.state);","    }","","    /**","     * Convert single redirection rule object into single-element redirection dictionary","     * @methodOf permission.PermissionMap","     * @private","     *","     * @param redirectTo {Object} PermPermission map property \"redirectTo\"","     *","     * @returns {Object<String, Object>} Redirection dictionary object","     */","    function normalizeObjectSingleRedirectionRule(redirectTo) {","      var redirectionMap = {};","","      redirectionMap.default = function () {","        return redirectTo;","      };","","      return redirectionMap;","    }","","    /**","     * Convert multiple redirection rule object into redirection dictionary","     * @methodOf permission.PermissionMap","     * @private","     *","     * @param redirectTo {Object} PermPermission map property \"redirectTo\"","     *","     * @returns {Object<String, Object>} Redirection dictionary object","     */","    function normalizeObjectMultipleRedirectionRule(redirectTo) {","      var redirectionMap = {};","","      angular.forEach(redirectTo, function (redirection, permission) {","        if (isInjectable(redirection)) {","          redirectionMap[permission] = redirection;","        } else {","          if (angular.isFunction(redirection)) {","            redirectionMap[permission] = redirection;","            redirectionMap[permission].$inject = [];","          }","        }","","        if (angular.isObject(redirection)) {","          redirectionMap[permission] = function () {","            return redirection;","          };","          redirectionMap[permission].$inject = [];","        }","","        if (angular.isString(redirection)) {","          redirectionMap[permission] = function () {","            return {","              state: redirection","            };","          };","          redirectionMap[permission].$inject = [];","        }","      });","","      return redirectionMap;","    }","","    /**","     * Checks if property is injectable","     * @methodOf permission.PermissionMap","     * @private","     *","     * @param property {Array|Object}","     *","     * @returns {boolean}","     */","    function isInjectable(property) {","      return angular.isArray(property) || (angular.isFunction(property) && angular.isArray(property.$inject));","    }","","    /**","     * Convert function redirection rule into redirection dictionary","     * @methodOf permission.PermissionMap","     * @private","     *","     * @param redirectTo {Function} PermPermission map property \"redirectTo\"","     *","     * @returns {Object<String, Object>} Redirection dictionary object","     */","    function normalizeFunctionRedirectionRule(redirectTo) {","      var redirectionMap = {};","","      redirectionMap.default = redirectTo;","","      if (!angular.isDefined(redirectTo.$inject)) {","        redirectionMap.default.$inject = ['rejectedPermission', 'transitionProperties'];","      }","","      return redirectionMap;","    }","","    return PermissionMap;","  }","","  angular","    .module('permission')","    .factory('PermPermissionMap', PermPermissionMap);","","}(window, window.angular));",""],"l":{"10":2,"17":0,"18":0,"19":0,"20":0,"21":0,"22":0,"23":0,"24":0,"25":0,"28":0,"29":1,"37":1,"38":0,"40":0,"41":0,"42":0,"50":0,"51":0,"60":0,"61":0,"71":0,"72":0,"76":0,"77":0,"85":0,"97":1,"98":0,"100":0,"113":1,"114":0,"118":0,"119":0,"120":0,"123":0,"126":0,"127":0,"128":0,"133":0,"134":0,"137":0,"140":0,"143":0,"165":0,"167":0,"170":0,"173":0,"176":0,"180":0,"203":0,"205":0,"213":1,"214":0,"216":0,"217":0,"220":0,"221":0,"224":0,"225":0,"229":0,"244":1,"245":0,"254":1,"255":0,"257":0,"258":0,"267":0,"268":0,"272":0,"274":0,"275":0,"278":0,"291":1,"292":0,"293":0,"296":0,"309":1,"310":0,"311":0,"313":0,"314":0,"328":1,"329":0,"332":0,"335":0,"338":0,"341":0,"356":1,"357":0,"367":1,"368":0,"370":0,"371":0,"380":0,"381":0,"385":0,"387":0,"388":0,"391":0,"404":1,"405":0,"406":0,"409":0,"423":1,"424":0,"425":0,"428":0,"429":0,"444":1,"446":0,"447":0,"448":0,"451":0,"454":0,"466":1,"467":0,"468":0,"469":0,"470":0,"472":0,"475":0,"478":0,"482":0,"485":0,"495":1,"496":0,"503":0,"505":0,"506":0,"507":0,"508":0,"509":0,"510":0,"511":0,"520":1,"521":0,"532":1,"533":0,"534":0,"537":0,"538":0,"548":1,"549":0,"559":1,"560":0,"569":1,"570":0,"579":1,"580":0,"587":1,"588":0,"592":0,"603":1,"604":0,"606":0,"608":0,"609":0,"610":0,"611":0,"612":0,"613":0,"614":0,"624":1,"625":0,"635":1,"636":0,"637":0,"640":0,"641":0,"651":1,"652":0,"662":1,"663":0,"672":1,"673":0,"682":1,"683":0,"690":1,"691":0,"695":0,"750":1,"751":0,"753":0,"764":0,"766":0,"768":0,"769":0,"770":0,"772":0,"775":0,"778":0,"781":0,"782":0,"787":0,"790":0,"793":0,"797":0,"798":0,"808":1,"809":0,"816":1,"817":0,"818":0,"820":0,"821":0,"829":1,"830":0,"831":0,"833":0,"834":0,"841":0,"852":1,"853":0,"855":0,"865":1,"866":0,"868":0,"870":0,"882":1,"883":0,"885":0,"887":0,"890":0,"902":1,"903":0,"904":0,"905":0,"908":0,"909":0,"911":0,"914":0,"919":0,"938":1,"939":0,"953":1,"955":0,"957":0,"958":0,"959":0,"970":0,"973":0,"974":0,"977":0,"979":0,"990":0,"992":0,"993":0,"994":0,"995":0,"998":0,"999":0,"1000":0,"1003":0,"1004":0,"1006":0,"1021":1,"1022":0,"1028":0,"1029":0,"1034":0,"1035":0,"1038":0,"1051":1,"1052":0,"1053":0,"1056":0,"1057":0,"1060":0,"1061":0,"1064":0,"1077":1,"1078":0,"1079":0,"1082":0,"1083":0,"1086":0,"1087":0,"1088":0,"1091":0,"1094":0,"1095":0,"1098":0,"1110":1,"1111":0,"1113":0,"1114":0,"1118":0,"1120":0,"1132":1,"1133":0,"1145":1,"1146":0,"1148":0,"1149":0,"1152":0,"1164":1,"1165":0,"1167":0,"1168":0,"1169":0,"1171":0,"1172":0,"1173":0,"1177":0,"1178":0,"1179":0,"1181":0,"1184":0,"1185":0,"1186":0,"1190":0,"1194":0,"1206":1,"1207":0,"1219":1,"1220":0,"1222":0,"1224":0,"1225":0,"1228":0,"1231":0,"1234":0}}}